2025-06-10 22:58:35.655 [JavaFX Application Thread] INFO  com.gym.util.HibernateConfig - Database properties loaded successfully from database.properties
2025-06-10 22:58:35.662 [JavaFX Application Thread] INFO  com.gym.util.HibernateConfig - Using database driver: org.postgresql.Driver
2025-06-10 22:58:35.662 [JavaFX Application Thread] INFO  com.gym.util.HibernateConfig - Using database URL: jdbc:postgresql://localhost:5433/gym
2025-06-10 22:58:35.663 [JavaFX Application Thread] INFO  com.gym.util.HibernateConfig - Using database username: postgres
2025-06-10 22:58:35.663 [JavaFX Application Thread] INFO  com.gym.util.HibernateConfig - Using database password: ********
2025-06-10 22:58:35.663 [JavaFX Application Thread] INFO  com.gym.util.HibernateConfig - Using database URL: jdbc:postgresql://localhost:5433/gym
2025-06-10 22:58:35.663 [JavaFX Application Thread] INFO  com.gym.util.EntityManagerUtil - Setting up JPA with URL: jdbc:postgresql://localhost:5433/gym
2025-06-10 22:58:40.211 [JavaFX Application Thread] INFO  com.gym.util.EntityManagerUtil - JPA EntityManagerFactory created successfully
2025-06-10 22:58:50.581 [JavaFX Application Thread] INFO  com.gym.controller.LoginController - User lemko logged in successfully with role admin
2025-06-10 22:58:52.923 [JavaFX Application Thread] INFO  c.g.c.AdminDashboardController - Opening Clients Management...
2025-06-10 22:58:52.984 [JavaFX Application Thread] INFO  com.gym.service.ClientService - Retrieving all clients
2025-06-10 22:58:53.047 [JavaFX Application Thread] INFO  c.g.c.ClientsManagementController - Loaded 5 clients from database
2025-06-10 22:58:53.060 [JavaFX Application Thread] INFO  c.g.c.AdminDashboardController - Opened Clients Management view
2025-06-10 22:59:01.487 [JavaFX Application Thread] INFO  c.g.c.ClientDialogController - Updating existing client...
2025-06-10 22:59:01.488 [JavaFX Application Thread] INFO  com.gym.service.ClientService - Updating existing client ID: 43
2025-06-10 22:59:01.490 [JavaFX Application Thread] INFO  com.gym.dao.impl.ClientDao - Saving client with user_id: 37
2025-06-10 22:59:01.572 [JavaFX Application Thread] INFO  com.gym.dao.impl.ClientDao - Updated existing client with ID: 43
2025-06-10 22:59:01.650 [JavaFX Application Thread] INFO  c.g.c.ClientDialogController - Client updated successfully with ID: 43
2025-06-10 22:59:01.683 [JavaFX Application Thread] INFO  com.gym.service.ClientService - Updating existing client ID: 43
2025-06-10 22:59:01.684 [JavaFX Application Thread] INFO  com.gym.dao.impl.ClientDao - Saving client with user_id: 37
2025-06-10 22:59:01.697 [JavaFX Application Thread] INFO  com.gym.dao.impl.ClientDao - Updated existing client with ID: 43
2025-06-10 22:59:01.699 [JavaFX Application Thread] INFO  c.g.c.ClientsManagementController - Client updated: Mykola Borovet
2025-06-10 22:59:04.182 [JavaFX Application Thread] INFO  c.g.c.ClientDetailsDialogController - Client details loaded successfully for: Mykola Borovet
2025-06-10 22:59:06.914 [JavaFX Application Thread] INFO  c.g.c.ClientsManagementController - Showing details for client: Mykola Borovet
2025-06-10 22:59:16.960 [JavaFX Application Thread] INFO  c.g.c.AdminDashboardController - Opening Staff Management...
2025-06-10 22:59:16.984 [JavaFX Application Thread] INFO  com.gym.util.HibernateConfig - Using database driver: org.postgresql.Driver
2025-06-10 22:59:16.985 [JavaFX Application Thread] INFO  com.gym.util.DatabaseConnection - PostgreSQL JDBC Driver successfully registered
2025-06-10 22:59:16.985 [JavaFX Application Thread] INFO  com.gym.util.HibernateConfig - Using database URL: jdbc:postgresql://localhost:5433/gym
2025-06-10 22:59:16.985 [JavaFX Application Thread] INFO  com.gym.util.HibernateConfig - Using database username: postgres
2025-06-10 22:59:16.985 [JavaFX Application Thread] INFO  com.gym.util.HibernateConfig - Using database password: ********
2025-06-10 22:59:16.985 [JavaFX Application Thread] INFO  com.gym.util.DatabaseConnection - Attempting to connect to database with URL: jdbc:postgresql://localhost:5433/gym, username: postgres
2025-06-10 22:59:17.084 [JavaFX Application Thread] INFO  com.gym.util.DatabaseConnection - Successfully established database connection to jdbc:postgresql://localhost:5433/gym
2025-06-10 22:59:17.093 [JavaFX Application Thread] INFO  c.g.c.StaffManagementController - Loaded 14 staff members from database
2025-06-10 22:59:17.100 [JavaFX Application Thread] INFO  c.g.c.AdminDashboardController - Opened Staff Management view
2025-06-10 22:59:20.287 [JavaFX Application Thread] INFO  com.gym.util.HibernateConfig - Using database URL: jdbc:postgresql://localhost:5433/gym
2025-06-10 22:59:20.287 [JavaFX Application Thread] INFO  com.gym.util.HibernateConfig - Using database username: postgres
2025-06-10 22:59:20.287 [JavaFX Application Thread] INFO  com.gym.util.HibernateConfig - Using database password: ********
2025-06-10 22:59:20.287 [JavaFX Application Thread] INFO  com.gym.util.DatabaseConnection - Attempting to connect to database with URL: jdbc:postgresql://localhost:5433/gym, username: postgres
2025-06-10 22:59:20.372 [JavaFX Application Thread] INFO  com.gym.util.DatabaseConnection - Successfully established database connection to jdbc:postgresql://localhost:5433/gym
2025-06-10 22:59:20.380 [JavaFX Application Thread] INFO  com.gym.util.HibernateConfig - Using database URL: jdbc:postgresql://localhost:5433/gym
2025-06-10 22:59:20.380 [JavaFX Application Thread] INFO  com.gym.util.HibernateConfig - Using database username: postgres
2025-06-10 22:59:20.380 [JavaFX Application Thread] INFO  com.gym.util.HibernateConfig - Using database password: ********
2025-06-10 22:59:20.381 [JavaFX Application Thread] INFO  com.gym.util.DatabaseConnection - Attempting to connect to database with URL: jdbc:postgresql://localhost:5433/gym, username: postgres
2025-06-10 22:59:20.469 [JavaFX Application Thread] INFO  com.gym.util.DatabaseConnection - Successfully established database connection to jdbc:postgresql://localhost:5433/gym
2025-06-10 22:59:20.495 [JavaFX Application Thread] INFO  c.g.c.StaffManagementController - Staff member deleted: Test Trainer
2025-06-10 22:59:22.076 [JavaFX Application Thread] INFO  com.gym.util.HibernateConfig - Using database URL: jdbc:postgresql://localhost:5433/gym
2025-06-10 22:59:22.076 [JavaFX Application Thread] INFO  com.gym.util.HibernateConfig - Using database username: postgres
2025-06-10 22:59:22.077 [JavaFX Application Thread] INFO  com.gym.util.HibernateConfig - Using database password: ********
2025-06-10 22:59:22.077 [JavaFX Application Thread] INFO  com.gym.util.DatabaseConnection - Attempting to connect to database with URL: jdbc:postgresql://localhost:5433/gym, username: postgres
2025-06-10 22:59:22.179 [JavaFX Application Thread] INFO  com.gym.util.DatabaseConnection - Successfully established database connection to jdbc:postgresql://localhost:5433/gym
2025-06-10 22:59:22.184 [JavaFX Application Thread] INFO  com.gym.util.HibernateConfig - Using database URL: jdbc:postgresql://localhost:5433/gym
2025-06-10 22:59:22.184 [JavaFX Application Thread] INFO  com.gym.util.HibernateConfig - Using database username: postgres
2025-06-10 22:59:22.184 [JavaFX Application Thread] INFO  com.gym.util.HibernateConfig - Using database password: ********
2025-06-10 22:59:22.184 [JavaFX Application Thread] INFO  com.gym.util.DatabaseConnection - Attempting to connect to database with URL: jdbc:postgresql://localhost:5433/gym, username: postgres
2025-06-10 22:59:22.272 [JavaFX Application Thread] INFO  com.gym.util.DatabaseConnection - Successfully established database connection to jdbc:postgresql://localhost:5433/gym
2025-06-10 22:59:22.291 [JavaFX Application Thread] INFO  c.g.c.StaffManagementController - Staff member deleted: Test Trainer
2025-06-10 22:59:25.571 [JavaFX Application Thread] INFO  com.gym.util.HibernateConfig - Using database URL: jdbc:postgresql://localhost:5433/gym
2025-06-10 22:59:25.571 [JavaFX Application Thread] INFO  com.gym.util.HibernateConfig - Using database username: postgres
2025-06-10 22:59:25.571 [JavaFX Application Thread] INFO  com.gym.util.HibernateConfig - Using database password: ********
2025-06-10 22:59:25.571 [JavaFX Application Thread] INFO  com.gym.util.DatabaseConnection - Attempting to connect to database with URL: jdbc:postgresql://localhost:5433/gym, username: postgres
2025-06-10 22:59:25.664 [JavaFX Application Thread] INFO  com.gym.util.DatabaseConnection - Successfully established database connection to jdbc:postgresql://localhost:5433/gym
2025-06-10 22:59:25.669 [JavaFX Application Thread] INFO  com.gym.util.HibernateConfig - Using database URL: jdbc:postgresql://localhost:5433/gym
2025-06-10 22:59:25.669 [JavaFX Application Thread] INFO  com.gym.util.HibernateConfig - Using database username: postgres
2025-06-10 22:59:25.669 [JavaFX Application Thread] INFO  com.gym.util.HibernateConfig - Using database password: ********
2025-06-10 22:59:25.669 [JavaFX Application Thread] INFO  com.gym.util.DatabaseConnection - Attempting to connect to database with URL: jdbc:postgresql://localhost:5433/gym, username: postgres
2025-06-10 22:59:25.753 [JavaFX Application Thread] INFO  com.gym.util.DatabaseConnection - Successfully established database connection to jdbc:postgresql://localhost:5433/gym
2025-06-10 22:59:25.765 [JavaFX Application Thread] INFO  c.g.c.StaffManagementController - Staff member deleted: Test Trainer
2025-06-10 22:59:28.976 [JavaFX Application Thread] INFO  com.gym.util.HibernateConfig - Using database URL: jdbc:postgresql://localhost:5433/gym
2025-06-10 22:59:28.976 [JavaFX Application Thread] INFO  com.gym.util.HibernateConfig - Using database username: postgres
2025-06-10 22:59:28.976 [JavaFX Application Thread] INFO  com.gym.util.HibernateConfig - Using database password: ********
2025-06-10 22:59:28.976 [JavaFX Application Thread] INFO  com.gym.util.DatabaseConnection - Attempting to connect to database with URL: jdbc:postgresql://localhost:5433/gym, username: postgres
2025-06-10 22:59:29.063 [JavaFX Application Thread] INFO  com.gym.util.DatabaseConnection - Successfully established database connection to jdbc:postgresql://localhost:5433/gym
2025-06-10 22:59:29.067 [JavaFX Application Thread] INFO  com.gym.util.HibernateConfig - Using database URL: jdbc:postgresql://localhost:5433/gym
2025-06-10 22:59:29.067 [JavaFX Application Thread] INFO  com.gym.util.HibernateConfig - Using database username: postgres
2025-06-10 22:59:29.067 [JavaFX Application Thread] INFO  com.gym.util.HibernateConfig - Using database password: ********
2025-06-10 22:59:29.068 [JavaFX Application Thread] INFO  com.gym.util.DatabaseConnection - Attempting to connect to database with URL: jdbc:postgresql://localhost:5433/gym, username: postgres
2025-06-10 22:59:29.171 [JavaFX Application Thread] INFO  com.gym.util.DatabaseConnection - Successfully established database connection to jdbc:postgresql://localhost:5433/gym
2025-06-10 22:59:29.186 [JavaFX Application Thread] INFO  c.g.c.StaffManagementController - Staff member deleted: Test Trainer
2025-06-10 22:59:30.777 [JavaFX Application Thread] INFO  com.gym.util.HibernateConfig - Using database URL: jdbc:postgresql://localhost:5433/gym
2025-06-10 22:59:30.777 [JavaFX Application Thread] INFO  com.gym.util.HibernateConfig - Using database username: postgres
2025-06-10 22:59:30.777 [JavaFX Application Thread] INFO  com.gym.util.HibernateConfig - Using database password: ********
2025-06-10 22:59:30.777 [JavaFX Application Thread] INFO  com.gym.util.DatabaseConnection - Attempting to connect to database with URL: jdbc:postgresql://localhost:5433/gym, username: postgres
2025-06-10 22:59:30.884 [JavaFX Application Thread] INFO  com.gym.util.DatabaseConnection - Successfully established database connection to jdbc:postgresql://localhost:5433/gym
2025-06-10 22:59:30.891 [JavaFX Application Thread] INFO  com.gym.util.HibernateConfig - Using database URL: jdbc:postgresql://localhost:5433/gym
2025-06-10 22:59:30.892 [JavaFX Application Thread] INFO  com.gym.util.HibernateConfig - Using database username: postgres
2025-06-10 22:59:30.892 [JavaFX Application Thread] INFO  com.gym.util.HibernateConfig - Using database password: ********
2025-06-10 22:59:30.892 [JavaFX Application Thread] INFO  com.gym.util.DatabaseConnection - Attempting to connect to database with URL: jdbc:postgresql://localhost:5433/gym, username: postgres
2025-06-10 22:59:30.979 [JavaFX Application Thread] INFO  com.gym.util.DatabaseConnection - Successfully established database connection to jdbc:postgresql://localhost:5433/gym
2025-06-10 22:59:31.007 [JavaFX Application Thread] INFO  c.g.c.StaffManagementController - Staff member deleted: Test Trainer
2025-06-10 22:59:32.983 [JavaFX Application Thread] INFO  com.gym.util.HibernateConfig - Using database URL: jdbc:postgresql://localhost:5433/gym
2025-06-10 22:59:32.983 [JavaFX Application Thread] INFO  com.gym.util.HibernateConfig - Using database username: postgres
2025-06-10 22:59:32.983 [JavaFX Application Thread] INFO  com.gym.util.HibernateConfig - Using database password: ********
2025-06-10 22:59:32.983 [JavaFX Application Thread] INFO  com.gym.util.DatabaseConnection - Attempting to connect to database with URL: jdbc:postgresql://localhost:5433/gym, username: postgres
2025-06-10 22:59:33.188 [JavaFX Application Thread] INFO  com.gym.util.DatabaseConnection - Successfully established database connection to jdbc:postgresql://localhost:5433/gym
2025-06-10 22:59:33.195 [JavaFX Application Thread] INFO  com.gym.util.HibernateConfig - Using database URL: jdbc:postgresql://localhost:5433/gym
2025-06-10 22:59:33.195 [JavaFX Application Thread] INFO  com.gym.util.HibernateConfig - Using database username: postgres
2025-06-10 22:59:33.195 [JavaFX Application Thread] INFO  com.gym.util.HibernateConfig - Using database password: ********
2025-06-10 22:59:33.195 [JavaFX Application Thread] INFO  com.gym.util.DatabaseConnection - Attempting to connect to database with URL: jdbc:postgresql://localhost:5433/gym, username: postgres
2025-06-10 22:59:33.308 [JavaFX Application Thread] INFO  com.gym.util.DatabaseConnection - Successfully established database connection to jdbc:postgresql://localhost:5433/gym
2025-06-10 22:59:33.327 [JavaFX Application Thread] INFO  c.g.c.StaffManagementController - Staff member deleted: Test Trainer
2025-06-10 22:59:34.827 [JavaFX Application Thread] INFO  com.gym.util.HibernateConfig - Using database URL: jdbc:postgresql://localhost:5433/gym
2025-06-10 22:59:34.827 [JavaFX Application Thread] INFO  com.gym.util.HibernateConfig - Using database username: postgres
2025-06-10 22:59:34.828 [JavaFX Application Thread] INFO  com.gym.util.HibernateConfig - Using database password: ********
2025-06-10 22:59:34.828 [JavaFX Application Thread] INFO  com.gym.util.DatabaseConnection - Attempting to connect to database with URL: jdbc:postgresql://localhost:5433/gym, username: postgres
2025-06-10 22:59:34.896 [JavaFX Application Thread] INFO  com.gym.util.DatabaseConnection - Successfully established database connection to jdbc:postgresql://localhost:5433/gym
2025-06-10 22:59:34.900 [JavaFX Application Thread] INFO  com.gym.util.HibernateConfig - Using database URL: jdbc:postgresql://localhost:5433/gym
2025-06-10 22:59:34.901 [JavaFX Application Thread] INFO  com.gym.util.HibernateConfig - Using database username: postgres
2025-06-10 22:59:34.901 [JavaFX Application Thread] INFO  com.gym.util.HibernateConfig - Using database password: ********
2025-06-10 22:59:34.901 [JavaFX Application Thread] INFO  com.gym.util.DatabaseConnection - Attempting to connect to database with URL: jdbc:postgresql://localhost:5433/gym, username: postgres
2025-06-10 22:59:35.092 [JavaFX Application Thread] INFO  com.gym.util.DatabaseConnection - Successfully established database connection to jdbc:postgresql://localhost:5433/gym
2025-06-10 22:59:35.109 [JavaFX Application Thread] INFO  c.g.c.StaffManagementController - Staff member deleted: Test Trainer
2025-06-10 22:59:38.571 [JavaFX Application Thread] INFO  com.gym.util.HibernateConfig - Using database URL: jdbc:postgresql://localhost:5433/gym
2025-06-10 22:59:38.571 [JavaFX Application Thread] INFO  com.gym.util.HibernateConfig - Using database username: postgres
2025-06-10 22:59:38.571 [JavaFX Application Thread] INFO  com.gym.util.HibernateConfig - Using database password: ********
2025-06-10 22:59:38.571 [JavaFX Application Thread] INFO  com.gym.util.DatabaseConnection - Attempting to connect to database with URL: jdbc:postgresql://localhost:5433/gym, username: postgres
2025-06-10 22:59:38.638 [JavaFX Application Thread] INFO  com.gym.util.DatabaseConnection - Successfully established database connection to jdbc:postgresql://localhost:5433/gym
2025-06-10 22:59:38.644 [JavaFX Application Thread] INFO  com.gym.util.HibernateConfig - Using database URL: jdbc:postgresql://localhost:5433/gym
2025-06-10 22:59:38.644 [JavaFX Application Thread] INFO  com.gym.util.HibernateConfig - Using database username: postgres
2025-06-10 22:59:38.645 [JavaFX Application Thread] INFO  com.gym.util.HibernateConfig - Using database password: ********
2025-06-10 22:59:38.645 [JavaFX Application Thread] INFO  com.gym.util.DatabaseConnection - Attempting to connect to database with URL: jdbc:postgresql://localhost:5433/gym, username: postgres
2025-06-10 22:59:38.710 [JavaFX Application Thread] INFO  com.gym.util.DatabaseConnection - Successfully established database connection to jdbc:postgresql://localhost:5433/gym
2025-06-10 22:59:38.721 [JavaFX Application Thread] INFO  c.g.c.StaffManagementController - Staff member deleted: Test Trainer
2025-06-10 22:59:40.473 [JavaFX Application Thread] INFO  com.gym.util.HibernateConfig - Using database URL: jdbc:postgresql://localhost:5433/gym
2025-06-10 22:59:40.475 [JavaFX Application Thread] INFO  com.gym.util.HibernateConfig - Using database username: postgres
2025-06-10 22:59:40.475 [JavaFX Application Thread] INFO  com.gym.util.HibernateConfig - Using database password: ********
2025-06-10 22:59:40.475 [JavaFX Application Thread] INFO  com.gym.util.DatabaseConnection - Attempting to connect to database with URL: jdbc:postgresql://localhost:5433/gym, username: postgres
2025-06-10 22:59:40.538 [JavaFX Application Thread] INFO  com.gym.util.DatabaseConnection - Successfully established database connection to jdbc:postgresql://localhost:5433/gym
2025-06-10 22:59:40.545 [JavaFX Application Thread] INFO  com.gym.util.HibernateConfig - Using database URL: jdbc:postgresql://localhost:5433/gym
2025-06-10 22:59:40.545 [JavaFX Application Thread] INFO  com.gym.util.HibernateConfig - Using database username: postgres
2025-06-10 22:59:40.546 [JavaFX Application Thread] INFO  com.gym.util.HibernateConfig - Using database password: ********
2025-06-10 22:59:40.546 [JavaFX Application Thread] INFO  com.gym.util.DatabaseConnection - Attempting to connect to database with URL: jdbc:postgresql://localhost:5433/gym, username: postgres
2025-06-10 22:59:40.615 [JavaFX Application Thread] INFO  com.gym.util.DatabaseConnection - Successfully established database connection to jdbc:postgresql://localhost:5433/gym
2025-06-10 22:59:40.627 [JavaFX Application Thread] INFO  c.g.c.StaffManagementController - Staff member deleted: Test Trainer
2025-06-10 22:59:42.780 [JavaFX Application Thread] INFO  com.gym.util.HibernateConfig - Using database URL: jdbc:postgresql://localhost:5433/gym
2025-06-10 22:59:42.780 [JavaFX Application Thread] INFO  com.gym.util.HibernateConfig - Using database username: postgres
2025-06-10 22:59:42.781 [JavaFX Application Thread] INFO  com.gym.util.HibernateConfig - Using database password: ********
2025-06-10 22:59:42.781 [JavaFX Application Thread] INFO  com.gym.util.DatabaseConnection - Attempting to connect to database with URL: jdbc:postgresql://localhost:5433/gym, username: postgres
2025-06-10 22:59:42.838 [JavaFX Application Thread] INFO  com.gym.util.DatabaseConnection - Successfully established database connection to jdbc:postgresql://localhost:5433/gym
2025-06-10 22:59:42.843 [JavaFX Application Thread] INFO  com.gym.util.HibernateConfig - Using database URL: jdbc:postgresql://localhost:5433/gym
2025-06-10 22:59:42.843 [JavaFX Application Thread] INFO  com.gym.util.HibernateConfig - Using database username: postgres
2025-06-10 22:59:42.843 [JavaFX Application Thread] INFO  com.gym.util.HibernateConfig - Using database password: ********
2025-06-10 22:59:42.843 [JavaFX Application Thread] INFO  com.gym.util.DatabaseConnection - Attempting to connect to database with URL: jdbc:postgresql://localhost:5433/gym, username: postgres
2025-06-10 22:59:42.921 [JavaFX Application Thread] INFO  com.gym.util.DatabaseConnection - Successfully established database connection to jdbc:postgresql://localhost:5433/gym
2025-06-10 22:59:42.938 [JavaFX Application Thread] INFO  c.g.c.StaffManagementController - Staff member deleted: Test Trainer
2025-06-10 22:59:44.448 [JavaFX Application Thread] INFO  com.gym.util.HibernateConfig - Using database URL: jdbc:postgresql://localhost:5433/gym
2025-06-10 22:59:44.449 [JavaFX Application Thread] INFO  com.gym.util.HibernateConfig - Using database username: postgres
2025-06-10 22:59:44.449 [JavaFX Application Thread] INFO  com.gym.util.HibernateConfig - Using database password: ********
2025-06-10 22:59:44.450 [JavaFX Application Thread] INFO  com.gym.util.DatabaseConnection - Attempting to connect to database with URL: jdbc:postgresql://localhost:5433/gym, username: postgres
2025-06-10 22:59:44.556 [JavaFX Application Thread] INFO  com.gym.util.DatabaseConnection - Successfully established database connection to jdbc:postgresql://localhost:5433/gym
2025-06-10 22:59:44.561 [JavaFX Application Thread] INFO  com.gym.util.HibernateConfig - Using database URL: jdbc:postgresql://localhost:5433/gym
2025-06-10 22:59:44.561 [JavaFX Application Thread] INFO  com.gym.util.HibernateConfig - Using database username: postgres
2025-06-10 22:59:44.562 [JavaFX Application Thread] INFO  com.gym.util.HibernateConfig - Using database password: ********
2025-06-10 22:59:44.562 [JavaFX Application Thread] INFO  com.gym.util.DatabaseConnection - Attempting to connect to database with URL: jdbc:postgresql://localhost:5433/gym, username: postgres
2025-06-10 22:59:44.761 [JavaFX Application Thread] INFO  com.gym.util.DatabaseConnection - Successfully established database connection to jdbc:postgresql://localhost:5433/gym
2025-06-10 22:59:44.773 [JavaFX Application Thread] INFO  c.g.c.StaffManagementController - Staff member deleted: Test Trainer
2025-06-10 22:59:46.436 [JavaFX Application Thread] INFO  com.gym.util.HibernateConfig - Using database URL: jdbc:postgresql://localhost:5433/gym
2025-06-10 22:59:46.436 [JavaFX Application Thread] INFO  com.gym.util.HibernateConfig - Using database username: postgres
2025-06-10 22:59:46.436 [JavaFX Application Thread] INFO  com.gym.util.HibernateConfig - Using database password: ********
2025-06-10 22:59:46.437 [JavaFX Application Thread] INFO  com.gym.util.DatabaseConnection - Attempting to connect to database with URL: jdbc:postgresql://localhost:5433/gym, username: postgres
2025-06-10 22:59:46.614 [JavaFX Application Thread] INFO  com.gym.util.DatabaseConnection - Successfully established database connection to jdbc:postgresql://localhost:5433/gym
2025-06-10 22:59:46.617 [JavaFX Application Thread] INFO  com.gym.util.HibernateConfig - Using database URL: jdbc:postgresql://localhost:5433/gym
2025-06-10 22:59:46.617 [JavaFX Application Thread] INFO  com.gym.util.HibernateConfig - Using database username: postgres
2025-06-10 22:59:46.617 [JavaFX Application Thread] INFO  com.gym.util.HibernateConfig - Using database password: ********
2025-06-10 22:59:46.617 [JavaFX Application Thread] INFO  com.gym.util.DatabaseConnection - Attempting to connect to database with URL: jdbc:postgresql://localhost:5433/gym, username: postgres
2025-06-10 22:59:46.803 [JavaFX Application Thread] INFO  com.gym.util.DatabaseConnection - Successfully established database connection to jdbc:postgresql://localhost:5433/gym
2025-06-10 22:59:46.821 [JavaFX Application Thread] INFO  c.g.c.StaffManagementController - Staff member deleted: Test Trainer
2025-06-10 22:59:50.859 [JavaFX Application Thread] ERROR c.g.controller.StaffDialogController - Error loading default photo: 
java.lang.NullPointerException: Input stream must not be null
	at javafx.graphics/javafx.scene.image.Image.validateInputStream(Image.java:1142)
	at javafx.graphics/javafx.scene.image.Image.<init>(Image.java:705)
	at com.gym.controller.StaffDialogController.setDefaultPhoto(StaffDialogController.java:259)
	at com.gym.controller.StaffDialogController.initialize(StaffDialogController.java:65)
	at java.base/jdk.internal.reflect.DirectMethodHandleAccessor.invoke(DirectMethodHandleAccessor.java:103)
	at java.base/java.lang.reflect.Method.invoke(Method.java:580)
	at com.sun.javafx.reflect.Trampoline.invoke(MethodUtil.java:77)
	at java.base/jdk.internal.reflect.DirectMethodHandleAccessor.invoke(DirectMethodHandleAccessor.java:103)
	at java.base/java.lang.reflect.Method.invoke(Method.java:580)
	at javafx.base/com.sun.javafx.reflect.MethodUtil.invoke(MethodUtil.java:275)
	at javafx.fxml/com.sun.javafx.fxml.MethodHelper.invoke(MethodHelper.java:84)
	at javafx.fxml/javafx.fxml.FXMLLoader.loadImpl(FXMLLoader.java:2673)
	at javafx.fxml/javafx.fxml.FXMLLoader.loadImpl(FXMLLoader.java:2548)
	at javafx.fxml/javafx.fxml.FXMLLoader.load(FXMLLoader.java:2516)
	at com.gym.controller.StaffManagementController.handleEditStaff(StaffManagementController.java:218)
	at com.gym.controller.StaffManagementController$1.lambda$new$0(StaffManagementController.java:132)
	at javafx.base/com.sun.javafx.event.CompositeEventHandler.dispatchBubblingEvent(CompositeEventHandler.java:86)
	at javafx.base/com.sun.javafx.event.EventHandlerManager.dispatchBubblingEvent(EventHandlerManager.java:234)
	at javafx.base/com.sun.javafx.event.EventHandlerManager.dispatchBubblingEvent(EventHandlerManager.java:191)
	at javafx.base/com.sun.javafx.event.CompositeEventDispatcher.dispatchBubblingEvent(CompositeEventDispatcher.java:59)
	at javafx.base/com.sun.javafx.event.BasicEventDispatcher.dispatchEvent(BasicEventDispatcher.java:58)
	at javafx.base/com.sun.javafx.event.EventDispatchChainImpl.dispatchEvent(EventDispatchChainImpl.java:114)
	at javafx.base/com.sun.javafx.event.BasicEventDispatcher.dispatchEvent(BasicEventDispatcher.java:56)
	at javafx.base/com.sun.javafx.event.EventDispatchChainImpl.dispatchEvent(EventDispatchChainImpl.java:114)
	at javafx.base/com.sun.javafx.event.BasicEventDispatcher.dispatchEvent(BasicEventDispatcher.java:56)
	at javafx.base/com.sun.javafx.event.EventDispatchChainImpl.dispatchEvent(EventDispatchChainImpl.java:114)
	at javafx.base/com.sun.javafx.event.BasicEventDispatcher.dispatchEvent(BasicEventDispatcher.java:56)
	at javafx.base/com.sun.javafx.event.EventDispatchChainImpl.dispatchEvent(EventDispatchChainImpl.java:114)
	at javafx.base/com.sun.javafx.event.BasicEventDispatcher.dispatchEvent(BasicEventDispatcher.java:56)
	at javafx.base/com.sun.javafx.event.EventDispatchChainImpl.dispatchEvent(EventDispatchChainImpl.java:114)
	at javafx.base/com.sun.javafx.event.BasicEventDispatcher.dispatchEvent(BasicEventDispatcher.java:56)
	at javafx.base/com.sun.javafx.event.EventDispatchChainImpl.dispatchEvent(EventDispatchChainImpl.java:114)
	at javafx.base/com.sun.javafx.event.BasicEventDispatcher.dispatchEvent(BasicEventDispatcher.java:56)
	at javafx.base/com.sun.javafx.event.EventDispatchChainImpl.dispatchEvent(EventDispatchChainImpl.java:114)
	at javafx.base/com.sun.javafx.event.EventUtil.fireEventImpl(EventUtil.java:74)
	at javafx.base/com.sun.javafx.event.EventUtil.fireEvent(EventUtil.java:49)
	at javafx.base/javafx.event.Event.fireEvent(Event.java:198)
	at javafx.graphics/javafx.scene.Node.fireEvent(Node.java:8792)
	at javafx.controls/javafx.scene.control.Button.fire(Button.java:203)
	at javafx.controls/com.sun.javafx.scene.control.behavior.ButtonBehavior.mouseReleased(ButtonBehavior.java:208)
	at javafx.controls/com.sun.javafx.scene.control.inputmap.InputMap.handle(InputMap.java:274)
	at javafx.base/com.sun.javafx.event.CompositeEventHandler$NormalEventHandlerRecord.handleBubblingEvent(CompositeEventHandler.java:247)
	at javafx.base/com.sun.javafx.event.CompositeEventHandler.dispatchBubblingEvent(CompositeEventHandler.java:80)
	at javafx.base/com.sun.javafx.event.EventHandlerManager.dispatchBubblingEvent(EventHandlerManager.java:234)
	at javafx.base/com.sun.javafx.event.EventHandlerManager.dispatchBubblingEvent(EventHandlerManager.java:191)
	at javafx.base/com.sun.javafx.event.CompositeEventDispatcher.dispatchBubblingEvent(CompositeEventDispatcher.java:59)
	at javafx.base/com.sun.javafx.event.BasicEventDispatcher.dispatchEvent(BasicEventDispatcher.java:58)
	at javafx.base/com.sun.javafx.event.EventDispatchChainImpl.dispatchEvent(EventDispatchChainImpl.java:114)
	at javafx.base/com.sun.javafx.event.BasicEventDispatcher.dispatchEvent(BasicEventDispatcher.java:56)
	at javafx.base/com.sun.javafx.event.EventDispatchChainImpl.dispatchEvent(EventDispatchChainImpl.java:114)
	at javafx.base/com.sun.javafx.event.BasicEventDispatcher.dispatchEvent(BasicEventDispatcher.java:56)
	at javafx.base/com.sun.javafx.event.EventDispatchChainImpl.dispatchEvent(EventDispatchChainImpl.java:114)
	at javafx.base/com.sun.javafx.event.BasicEventDispatcher.dispatchEvent(BasicEventDispatcher.java:56)
	at javafx.base/com.sun.javafx.event.EventDispatchChainImpl.dispatchEvent(EventDispatchChainImpl.java:114)
	at javafx.base/com.sun.javafx.event.BasicEventDispatcher.dispatchEvent(BasicEventDispatcher.java:56)
	at javafx.base/com.sun.javafx.event.EventDispatchChainImpl.dispatchEvent(EventDispatchChainImpl.java:114)
	at javafx.base/com.sun.javafx.event.BasicEventDispatcher.dispatchEvent(BasicEventDispatcher.java:56)
	at javafx.base/com.sun.javafx.event.EventDispatchChainImpl.dispatchEvent(EventDispatchChainImpl.java:114)
	at javafx.base/com.sun.javafx.event.BasicEventDispatcher.dispatchEvent(BasicEventDispatcher.java:56)
	at javafx.base/com.sun.javafx.event.EventDispatchChainImpl.dispatchEvent(EventDispatchChainImpl.java:114)
	at javafx.base/com.sun.javafx.event.EventUtil.fireEventImpl(EventUtil.java:74)
	at javafx.base/com.sun.javafx.event.EventUtil.fireEvent(EventUtil.java:54)
	at javafx.base/javafx.event.Event.fireEvent(Event.java:198)
	at javafx.graphics/javafx.scene.Scene$MouseHandler.process(Scene.java:3897)
	at javafx.graphics/javafx.scene.Scene.processMouseEvent(Scene.java:1878)
	at javafx.graphics/javafx.scene.Scene$ScenePeerListener.mouseEvent(Scene.java:2623)
	at javafx.graphics/com.sun.javafx.tk.quantum.GlassViewEventHandler$MouseEventNotification.run(GlassViewEventHandler.java:411)
	at javafx.graphics/com.sun.javafx.tk.quantum.GlassViewEventHandler$MouseEventNotification.run(GlassViewEventHandler.java:301)
	at java.base/java.security.AccessController.doPrivileged(AccessController.java:400)
	at javafx.graphics/com.sun.javafx.tk.quantum.GlassViewEventHandler.lambda$handleMouseEvent$2(GlassViewEventHandler.java:450)
	at javafx.graphics/com.sun.javafx.tk.quantum.QuantumToolkit.runWithoutRenderLock(QuantumToolkit.java:424)
	at javafx.graphics/com.sun.javafx.tk.quantum.GlassViewEventHandler.handleMouseEvent(GlassViewEventHandler.java:449)
	at javafx.graphics/com.sun.glass.ui.View.handleMouseEvent(View.java:557)
	at javafx.graphics/com.sun.glass.ui.View.notifyMouse(View.java:943)
	at javafx.graphics/com.sun.glass.ui.win.WinApplication._runLoop(Native Method)
	at javafx.graphics/com.sun.glass.ui.win.WinApplication.lambda$runLoop$3(WinApplication.java:184)
	at java.base/java.lang.Thread.run(Thread.java:1570)
2025-06-10 22:59:50.869 [JavaFX Application Thread] INFO  c.g.controller.StaffDialogController - Editing existing staff member: Mykola2
2025-06-10 22:59:53.730 [JavaFX Application Thread] INFO  c.g.controller.StaffDialogController - Saving staff data: fullName=Mykola, role=TRAINER
2025-06-10 22:59:53.730 [JavaFX Application Thread] INFO  com.gym.util.HibernateConfig - Using database URL: jdbc:postgresql://localhost:5433/gym
2025-06-10 22:59:53.730 [JavaFX Application Thread] INFO  com.gym.util.HibernateConfig - Using database username: postgres
2025-06-10 22:59:53.730 [JavaFX Application Thread] INFO  com.gym.util.HibernateConfig - Using database password: ********
2025-06-10 22:59:53.731 [JavaFX Application Thread] INFO  com.gym.util.DatabaseConnection - Attempting to connect to database with URL: jdbc:postgresql://localhost:5433/gym, username: postgres
2025-06-10 22:59:53.805 [JavaFX Application Thread] INFO  com.gym.util.DatabaseConnection - Successfully established database connection to jdbc:postgresql://localhost:5433/gym
2025-06-10 22:59:53.824 [JavaFX Application Thread] INFO  c.g.controller.StaffDialogController - Successfully saved staff member to database
2025-06-10 22:59:53.865 [JavaFX Application Thread] INFO  com.gym.util.HibernateConfig - Using database URL: jdbc:postgresql://localhost:5433/gym
2025-06-10 22:59:53.865 [JavaFX Application Thread] INFO  com.gym.util.HibernateConfig - Using database username: postgres
2025-06-10 22:59:53.865 [JavaFX Application Thread] INFO  com.gym.util.HibernateConfig - Using database password: ********
2025-06-10 22:59:53.865 [JavaFX Application Thread] INFO  com.gym.util.DatabaseConnection - Attempting to connect to database with URL: jdbc:postgresql://localhost:5433/gym, username: postgres
2025-06-10 22:59:53.932 [JavaFX Application Thread] INFO  com.gym.util.DatabaseConnection - Successfully established database connection to jdbc:postgresql://localhost:5433/gym
2025-06-10 22:59:53.938 [JavaFX Application Thread] INFO  c.g.c.StaffManagementController - Loaded 2 staff members from database
2025-06-10 22:59:56.938 [JavaFX Application Thread] INFO  c.g.c.AdminDashboardController - Opening Memberships...
2025-06-10 22:59:56.966 [JavaFX Application Thread] INFO  com.gym.service.MembershipService - Retrieving all memberships
2025-06-10 22:59:56.984 [JavaFX Application Thread] ERROR c.g.c.MembershipsManagementController - Error loading memberships: Cannot invoke "java.time.LocalDate.isAfter(java.time.chrono.ChronoLocalDate)" because the return value of "com.gym.model.Membership.getEndDate()" is null
2025-06-10 23:00:02.612 [JavaFX Application Thread] INFO  c.g.c.AdminDashboardController - Opened Memberships Management view
2025-06-10 23:01:28.615 [JavaFX Application Thread] INFO  com.gym.util.HibernateConfig - Database properties loaded successfully from database.properties
2025-06-10 23:01:28.621 [JavaFX Application Thread] INFO  com.gym.util.HibernateConfig - Using database driver: org.postgresql.Driver
2025-06-10 23:01:28.621 [JavaFX Application Thread] INFO  com.gym.util.HibernateConfig - Using database URL: jdbc:postgresql://localhost:5433/gym
2025-06-10 23:01:28.621 [JavaFX Application Thread] INFO  com.gym.util.HibernateConfig - Using database username: postgres
2025-06-10 23:01:28.621 [JavaFX Application Thread] INFO  com.gym.util.HibernateConfig - Using database password: ********
2025-06-10 23:01:28.621 [JavaFX Application Thread] INFO  com.gym.util.HibernateConfig - Using database URL: jdbc:postgresql://localhost:5433/gym
2025-06-10 23:01:28.621 [JavaFX Application Thread] INFO  com.gym.util.EntityManagerUtil - Setting up JPA with URL: jdbc:postgresql://localhost:5433/gym
2025-06-10 23:01:32.511 [JavaFX Application Thread] INFO  com.gym.util.EntityManagerUtil - JPA EntityManagerFactory created successfully
2025-06-10 23:01:38.479 [JavaFX Application Thread] INFO  com.gym.controller.LoginController - User lemko logged in successfully with role admin
2025-06-10 23:01:39.360 [JavaFX Application Thread] INFO  c.g.c.AdminDashboardController - Opening Memberships...
2025-06-10 23:01:39.434 [JavaFX Application Thread] INFO  com.gym.service.MembershipService - Retrieving all memberships
2025-06-10 23:01:39.494 [JavaFX Application Thread] ERROR c.g.c.MembershipsManagementController - Error loading memberships: Cannot invoke "java.time.LocalDate.isAfter(java.time.chrono.ChronoLocalDate)" because the return value of "com.gym.model.Membership.getEndDate()" is null
2025-06-10 23:02:46.924 [JavaFX Application Thread] INFO  c.g.c.AdminDashboardController - Opened Memberships Management view
2025-06-10 23:02:49.499 [JavaFX Application Thread] INFO  com.gym.util.HibernateConfig - Database properties loaded successfully from database.properties
2025-06-10 23:02:49.509 [JavaFX Application Thread] INFO  com.gym.util.HibernateConfig - Using database driver: org.postgresql.Driver
2025-06-10 23:02:49.509 [JavaFX Application Thread] INFO  com.gym.util.HibernateConfig - Using database URL: jdbc:postgresql://localhost:5433/gym
2025-06-10 23:02:49.510 [JavaFX Application Thread] INFO  com.gym.util.HibernateConfig - Using database username: postgres
2025-06-10 23:02:49.510 [JavaFX Application Thread] INFO  com.gym.util.HibernateConfig - Using database password: ********
2025-06-10 23:02:49.510 [JavaFX Application Thread] INFO  com.gym.util.HibernateConfig - Using database URL: jdbc:postgresql://localhost:5433/gym
2025-06-10 23:02:49.510 [JavaFX Application Thread] INFO  com.gym.util.EntityManagerUtil - Setting up JPA with URL: jdbc:postgresql://localhost:5433/gym
2025-06-10 23:02:53.263 [JavaFX Application Thread] INFO  com.gym.util.EntityManagerUtil - JPA EntityManagerFactory created successfully
2025-06-10 23:03:03.982 [JavaFX Application Thread] INFO  com.gym.controller.LoginController - User lemko logged in successfully with role admin
2025-06-10 23:03:04.845 [JavaFX Application Thread] INFO  c.g.c.AdminDashboardController - Opening Memberships...
2025-06-10 23:03:04.906 [JavaFX Application Thread] INFO  com.gym.service.MembershipService - Retrieving all memberships
2025-06-10 23:03:04.981 [JavaFX Application Thread] INFO  c.g.c.AdminDashboardController - Opened Memberships Management view
2025-06-10 23:03:26.381 [JavaFX Application Thread] INFO  com.gym.service.MembershipService - Updating existing membership ID: 25
2025-06-10 23:03:41.500 [JavaFX Application Thread] INFO  c.g.c.AdminDashboardController - Opening Training Schedule...
2025-06-10 23:03:41.625 [JavaFX Application Thread] INFO  c.g.c.AdminDashboardController - Opened Training Schedule view
2025-06-10 23:06:33.835 [JavaFX Application Thread] INFO  com.gym.util.HibernateConfig - Database properties loaded successfully from database.properties
2025-06-10 23:06:33.841 [JavaFX Application Thread] INFO  com.gym.util.HibernateConfig - Using database driver: org.postgresql.Driver
2025-06-10 23:06:33.841 [JavaFX Application Thread] INFO  com.gym.util.HibernateConfig - Using database URL: jdbc:postgresql://localhost:5433/gym
2025-06-10 23:06:33.841 [JavaFX Application Thread] INFO  com.gym.util.HibernateConfig - Using database username: postgres
2025-06-10 23:06:33.841 [JavaFX Application Thread] INFO  com.gym.util.HibernateConfig - Using database password: ********
2025-06-10 23:06:33.841 [JavaFX Application Thread] INFO  com.gym.util.HibernateConfig - Using database URL: jdbc:postgresql://localhost:5433/gym
2025-06-10 23:06:33.842 [JavaFX Application Thread] INFO  com.gym.util.EntityManagerUtil - Setting up JPA with URL: jdbc:postgresql://localhost:5433/gym
2025-06-10 23:06:37.872 [JavaFX Application Thread] INFO  com.gym.util.EntityManagerUtil - JPA EntityManagerFactory created successfully
2025-06-10 23:07:09.289 [JavaFX Application Thread] INFO  com.gym.controller.LoginController - User lemko logged in successfully with role admin
2025-06-10 23:07:10.067 [JavaFX Application Thread] INFO  c.g.c.AdminDashboardController - Opening Training Schedule...
2025-06-10 23:07:10.252 [JavaFX Application Thread] INFO  c.g.c.AdminDashboardController - Opened Training Schedule view
2025-06-10 23:07:50.734 [JavaFX Application Thread] INFO  c.g.c.AdminDashboardController - Opening Reports...
2025-06-10 23:07:50.821 [JavaFX Application Thread] INFO  c.gym.controller.ReportsController - Initializing Reports Controller...
2025-06-10 23:07:50.822 [JavaFX Application Thread] INFO  c.gym.controller.ReportsController - Date pickers setup completed
2025-06-10 23:07:50.826 [JavaFX Application Thread] INFO  c.gym.controller.ReportsController - Tables setup completed
2025-06-10 23:07:50.827 [JavaFX Application Thread] INFO  c.gym.controller.ReportsController - Charts setup completed
2025-06-10 23:07:50.827 [JavaFX Application Thread] INFO  c.gym.controller.ReportsController - Date picker listeners setup completed
2025-06-10 23:07:50.829 [JavaFX Application Thread] INFO  com.gym.util.HibernateConfig - Using database driver: org.postgresql.Driver
2025-06-10 23:07:50.829 [JavaFX Application Thread] INFO  com.gym.util.DatabaseConnection - PostgreSQL JDBC Driver successfully registered
2025-06-10 23:07:50.829 [JavaFX Application Thread] INFO  com.gym.util.HibernateConfig - Using database URL: jdbc:postgresql://localhost:5433/gym
2025-06-10 23:07:50.829 [JavaFX Application Thread] INFO  com.gym.util.HibernateConfig - Using database username: postgres
2025-06-10 23:07:50.829 [JavaFX Application Thread] INFO  com.gym.util.HibernateConfig - Using database password: ********
2025-06-10 23:07:50.829 [JavaFX Application Thread] INFO  com.gym.util.DatabaseConnection - Attempting to connect to database with URL: jdbc:postgresql://localhost:5433/gym, username: postgres
2025-06-10 23:07:51.021 [JavaFX Application Thread] INFO  com.gym.util.DatabaseConnection - Successfully established database connection to jdbc:postgresql://localhost:5433/gym
2025-06-10 23:07:51.043 [JavaFX Application Thread] INFO  com.gym.util.HibernateConfig - Using database URL: jdbc:postgresql://localhost:5433/gym
2025-06-10 23:07:51.043 [JavaFX Application Thread] INFO  com.gym.util.HibernateConfig - Using database username: postgres
2025-06-10 23:07:51.043 [JavaFX Application Thread] INFO  com.gym.util.HibernateConfig - Using database password: ********
2025-06-10 23:07:51.043 [JavaFX Application Thread] INFO  com.gym.util.DatabaseConnection - Attempting to connect to database with URL: jdbc:postgresql://localhost:5433/gym, username: postgres
2025-06-10 23:07:51.109 [JavaFX Application Thread] INFO  com.gym.util.DatabaseConnection - Successfully established database connection to jdbc:postgresql://localhost:5433/gym
2025-06-10 23:07:51.125 [JavaFX Application Thread] INFO  com.gym.util.HibernateConfig - Using database URL: jdbc:postgresql://localhost:5433/gym
2025-06-10 23:07:51.126 [JavaFX Application Thread] INFO  com.gym.util.HibernateConfig - Using database username: postgres
2025-06-10 23:07:51.126 [JavaFX Application Thread] INFO  com.gym.util.HibernateConfig - Using database password: ********
2025-06-10 23:07:51.126 [JavaFX Application Thread] INFO  com.gym.util.DatabaseConnection - Attempting to connect to database with URL: jdbc:postgresql://localhost:5433/gym, username: postgres
2025-06-10 23:07:51.195 [JavaFX Application Thread] INFO  com.gym.util.DatabaseConnection - Successfully established database connection to jdbc:postgresql://localhost:5433/gym
2025-06-10 23:07:51.208 [JavaFX Application Thread] INFO  com.gym.util.HibernateConfig - Using database URL: jdbc:postgresql://localhost:5433/gym
2025-06-10 23:07:51.208 [JavaFX Application Thread] INFO  com.gym.util.HibernateConfig - Using database username: postgres
2025-06-10 23:07:51.208 [JavaFX Application Thread] INFO  com.gym.util.HibernateConfig - Using database password: ********
2025-06-10 23:07:51.208 [JavaFX Application Thread] INFO  com.gym.util.DatabaseConnection - Attempting to connect to database with URL: jdbc:postgresql://localhost:5433/gym, username: postgres
2025-06-10 23:07:51.275 [JavaFX Application Thread] INFO  com.gym.util.DatabaseConnection - Successfully established database connection to jdbc:postgresql://localhost:5433/gym
2025-06-10 23:07:51.282 [JavaFX Application Thread] INFO  com.gym.util.HibernateConfig - Using database URL: jdbc:postgresql://localhost:5433/gym
2025-06-10 23:07:51.282 [JavaFX Application Thread] INFO  com.gym.util.HibernateConfig - Using database username: postgres
2025-06-10 23:07:51.282 [JavaFX Application Thread] INFO  com.gym.util.HibernateConfig - Using database password: ********
2025-06-10 23:07:51.282 [JavaFX Application Thread] INFO  com.gym.util.DatabaseConnection - Attempting to connect to database with URL: jdbc:postgresql://localhost:5433/gym, username: postgres
2025-06-10 23:07:51.343 [JavaFX Application Thread] INFO  com.gym.util.DatabaseConnection - Successfully established database connection to jdbc:postgresql://localhost:5433/gym
2025-06-10 23:07:51.357 [JavaFX Application Thread] INFO  com.gym.util.HibernateConfig - Using database URL: jdbc:postgresql://localhost:5433/gym
2025-06-10 23:07:51.357 [JavaFX Application Thread] INFO  com.gym.util.HibernateConfig - Using database username: postgres
2025-06-10 23:07:51.357 [JavaFX Application Thread] INFO  com.gym.util.HibernateConfig - Using database password: ********
2025-06-10 23:07:51.357 [JavaFX Application Thread] INFO  com.gym.util.DatabaseConnection - Attempting to connect to database with URL: jdbc:postgresql://localhost:5433/gym, username: postgres
2025-06-10 23:07:51.423 [JavaFX Application Thread] INFO  com.gym.util.DatabaseConnection - Successfully established database connection to jdbc:postgresql://localhost:5433/gym
2025-06-10 23:07:51.431 [JavaFX Application Thread] INFO  com.gym.util.HibernateConfig - Using database URL: jdbc:postgresql://localhost:5433/gym
2025-06-10 23:07:51.431 [JavaFX Application Thread] INFO  com.gym.util.HibernateConfig - Using database username: postgres
2025-06-10 23:07:51.431 [JavaFX Application Thread] INFO  com.gym.util.HibernateConfig - Using database password: ********
2025-06-10 23:07:51.431 [JavaFX Application Thread] INFO  com.gym.util.DatabaseConnection - Attempting to connect to database with URL: jdbc:postgresql://localhost:5433/gym, username: postgres
2025-06-10 23:07:51.629 [JavaFX Application Thread] INFO  com.gym.util.DatabaseConnection - Successfully established database connection to jdbc:postgresql://localhost:5433/gym
2025-06-10 23:07:51.651 [JavaFX Application Thread] INFO  c.gym.controller.ReportsController - Initial data load completed
2025-06-10 23:07:56.846 [JavaFX Application Thread] INFO  c.g.c.AdminDashboardController - Opening Training Schedule...
2025-06-10 23:07:56.882 [JavaFX Application Thread] INFO  c.g.c.AdminDashboardController - Opened Training Schedule view
2025-06-10 23:07:59.277 [JavaFX Application Thread] INFO  c.g.c.TrainingDetailsController - Training: Training 2
2025-06-10 23:07:59.277 [JavaFX Application Thread] INFO  c.g.c.TrainingDetailsController - Capacity: 10
2025-06-10 23:07:59.277 [JavaFX Application Thread] INFO  c.g.c.TrainingDetailsController - Booked count: 1
2025-06-10 23:07:59.277 [JavaFX Application Thread] INFO  c.g.c.TrainingDetailsController - Available slots: 9
2025-06-10 23:07:59.277 [JavaFX Application Thread] INFO  c.g.c.TrainingDetailsController - Scheduled at: 2025-06-18T23:15
2025-06-10 23:07:59.277 [JavaFX Application Thread] INFO  c.g.c.TrainingDetailsController - Is in past: false
2025-06-10 23:07:59.278 [JavaFX Application Thread] INFO  c.g.c.TrainingDetailsController - Add Booking button disabled: false
2025-06-10 23:10:37.515 [JavaFX Application Thread] INFO  com.gym.util.HibernateConfig - Database properties loaded successfully from database.properties
2025-06-10 23:10:37.524 [JavaFX Application Thread] INFO  com.gym.util.HibernateConfig - Using database driver: org.postgresql.Driver
2025-06-10 23:10:37.524 [JavaFX Application Thread] INFO  com.gym.util.HibernateConfig - Using database URL: jdbc:postgresql://localhost:5433/gym
2025-06-10 23:10:37.524 [JavaFX Application Thread] INFO  com.gym.util.HibernateConfig - Using database username: postgres
2025-06-10 23:10:37.524 [JavaFX Application Thread] INFO  com.gym.util.HibernateConfig - Using database password: ********
2025-06-10 23:10:37.525 [JavaFX Application Thread] INFO  com.gym.util.HibernateConfig - Using database URL: jdbc:postgresql://localhost:5433/gym
2025-06-10 23:10:37.525 [JavaFX Application Thread] INFO  com.gym.util.EntityManagerUtil - Setting up JPA with URL: jdbc:postgresql://localhost:5433/gym
2025-06-10 23:10:41.842 [JavaFX Application Thread] INFO  com.gym.util.EntityManagerUtil - JPA EntityManagerFactory created successfully
2025-06-10 23:10:48.645 [JavaFX Application Thread] INFO  com.gym.controller.LoginController - User lemko logged in successfully with role admin
2025-06-10 23:10:49.205 [JavaFX Application Thread] INFO  c.g.c.AdminDashboardController - Opening Training Schedule...
2025-06-10 23:10:49.419 [JavaFX Application Thread] INFO  c.g.c.AdminDashboardController - Opened Training Schedule view
2025-06-10 23:11:12.000 [JavaFX Application Thread] INFO  c.g.c.AdminDashboardController - Opening Memberships...
2025-06-10 23:11:12.027 [JavaFX Application Thread] INFO  com.gym.service.MembershipService - Retrieving all memberships
2025-06-10 23:11:12.126 [JavaFX Application Thread] INFO  c.g.c.AdminDashboardController - Opened Memberships Management view
2025-06-10 23:14:37.798 [JavaFX Application Thread] INFO  com.gym.util.HibernateConfig - Database properties loaded successfully from database.properties
2025-06-10 23:14:37.811 [JavaFX Application Thread] INFO  com.gym.util.HibernateConfig - Using database driver: org.postgresql.Driver
2025-06-10 23:14:37.811 [JavaFX Application Thread] INFO  com.gym.util.HibernateConfig - Using database URL: jdbc:postgresql://localhost:5433/gym
2025-06-10 23:14:37.811 [JavaFX Application Thread] INFO  com.gym.util.HibernateConfig - Using database username: postgres
2025-06-10 23:14:37.811 [JavaFX Application Thread] INFO  com.gym.util.HibernateConfig - Using database password: ********
2025-06-10 23:14:37.811 [JavaFX Application Thread] INFO  com.gym.util.HibernateConfig - Using database URL: jdbc:postgresql://localhost:5433/gym
2025-06-10 23:14:37.811 [JavaFX Application Thread] INFO  com.gym.util.EntityManagerUtil - Setting up JPA with URL: jdbc:postgresql://localhost:5433/gym
2025-06-10 23:14:41.855 [JavaFX Application Thread] INFO  com.gym.util.EntityManagerUtil - JPA EntityManagerFactory created successfully
2025-06-10 23:14:47.829 [JavaFX Application Thread] INFO  com.gym.controller.LoginController - User lemko logged in successfully with role admin
2025-06-10 23:14:49.164 [JavaFX Application Thread] INFO  c.g.c.AdminDashboardController - Opening Training Schedule...
2025-06-10 23:14:49.361 [JavaFX Application Thread] INFO  c.g.c.AdminDashboardController - Opened Training Schedule view
2025-06-10 23:15:07.560 [JavaFX Application Thread] INFO  c.g.c.AdminDashboardController - Opening Staff Management...
2025-06-10 23:15:07.577 [JavaFX Application Thread] INFO  com.gym.util.HibernateConfig - Using database driver: org.postgresql.Driver
2025-06-10 23:15:07.578 [JavaFX Application Thread] INFO  com.gym.util.DatabaseConnection - PostgreSQL JDBC Driver successfully registered
2025-06-10 23:15:07.578 [JavaFX Application Thread] INFO  com.gym.util.HibernateConfig - Using database URL: jdbc:postgresql://localhost:5433/gym
2025-06-10 23:15:07.578 [JavaFX Application Thread] INFO  com.gym.util.HibernateConfig - Using database username: postgres
2025-06-10 23:15:07.578 [JavaFX Application Thread] INFO  com.gym.util.HibernateConfig - Using database password: ********
2025-06-10 23:15:07.578 [JavaFX Application Thread] INFO  com.gym.util.DatabaseConnection - Attempting to connect to database with URL: jdbc:postgresql://localhost:5433/gym, username: postgres
2025-06-10 23:15:07.647 [JavaFX Application Thread] INFO  com.gym.util.DatabaseConnection - Successfully established database connection to jdbc:postgresql://localhost:5433/gym
2025-06-10 23:15:07.656 [JavaFX Application Thread] INFO  c.g.c.StaffManagementController - Loaded 2 staff members from database
2025-06-10 23:15:07.665 [JavaFX Application Thread] INFO  c.g.c.AdminDashboardController - Opened Staff Management view
2025-06-10 23:15:10.729 [JavaFX Application Thread] INFO  c.g.c.AdminDashboardController - Opening Clients Management...
2025-06-10 23:15:10.755 [JavaFX Application Thread] INFO  com.gym.service.ClientService - Retrieving all clients
2025-06-10 23:15:10.815 [JavaFX Application Thread] INFO  c.g.c.ClientsManagementController - Loaded 5 clients from database
2025-06-10 23:15:10.822 [JavaFX Application Thread] INFO  c.g.c.AdminDashboardController - Opened Clients Management view
2025-06-10 23:15:13.967 [JavaFX Application Thread] INFO  c.g.c.AdminDashboardController - User logged out successfully
2025-06-10 23:15:30.951 [JavaFX Application Thread] INFO  c.g.c.ClientDashboardController - Initializing client dashboard for user ID: 37 and username: mykolaborovets
2025-06-10 23:15:30.951 [JavaFX Application Thread] INFO  c.g.c.ClientDashboardController - Loading client data for user ID: 37
2025-06-10 23:15:31.009 [JavaFX Application Thread] INFO  com.gym.dao.impl.ClientDao - Found client_id 43 for user_id 37
2025-06-10 23:15:31.016 [JavaFX Application Thread] INFO  com.gym.dao.impl.ClientDao - Found client: Mykola Borovet
2025-06-10 23:15:31.017 [JavaFX Application Thread] INFO  c.g.c.ClientDashboardController - Found client: Mykola Borovet with email: mykolaborovets@gmail.com and phone: 0984545454
2025-06-10 23:15:31.017 [JavaFX Application Thread] INFO  c.g.c.ClientDashboardController - Setting medical notes: -
2025-06-10 23:15:31.068 [JavaFX Application Thread] INFO  c.g.c.ClientDashboardController - Found 0 upcoming and 0 past bookings for client Mykola Borovet
2025-06-10 23:15:31.226 [JavaFX Application Thread] INFO  com.gym.controller.LoginController - User mykolaborovets logged in successfully with role client
2025-06-10 23:17:04.514 [JavaFX Application Thread] INFO  com.gym.util.HibernateConfig - Database properties loaded successfully from database.properties
2025-06-10 23:17:04.525 [JavaFX Application Thread] INFO  com.gym.util.HibernateConfig - Using database driver: org.postgresql.Driver
2025-06-10 23:17:04.525 [JavaFX Application Thread] INFO  com.gym.util.HibernateConfig - Using database URL: jdbc:postgresql://localhost:5433/gym
2025-06-10 23:17:04.525 [JavaFX Application Thread] INFO  com.gym.util.HibernateConfig - Using database username: postgres
2025-06-10 23:17:04.525 [JavaFX Application Thread] INFO  com.gym.util.HibernateConfig - Using database password: ********
2025-06-10 23:17:04.525 [JavaFX Application Thread] INFO  com.gym.util.HibernateConfig - Using database URL: jdbc:postgresql://localhost:5433/gym
2025-06-10 23:17:04.525 [JavaFX Application Thread] INFO  com.gym.util.EntityManagerUtil - Setting up JPA with URL: jdbc:postgresql://localhost:5433/gym
2025-06-10 23:17:08.972 [JavaFX Application Thread] INFO  com.gym.util.EntityManagerUtil - JPA EntityManagerFactory created successfully
2025-06-10 23:17:30.272 [JavaFX Application Thread] INFO  c.g.c.ClientDashboardController - Initializing client dashboard for user ID: 37 and username: mykolaborovets
2025-06-10 23:17:30.272 [JavaFX Application Thread] INFO  c.g.c.ClientDashboardController - Loading client data for user ID: 37
2025-06-10 23:17:30.300 [JavaFX Application Thread] INFO  com.gym.dao.impl.ClientDao - Found client_id 43 for user_id 37
2025-06-10 23:17:30.337 [JavaFX Application Thread] INFO  com.gym.dao.impl.ClientDao - Found client: Mykola Borovet
2025-06-10 23:17:30.338 [JavaFX Application Thread] INFO  c.g.c.ClientDashboardController - Found client: Mykola Borovet with email: mykolaborovets@gmail.com and phone: 0984545454
2025-06-10 23:17:30.338 [JavaFX Application Thread] INFO  c.g.c.ClientDashboardController - Setting medical notes: -
2025-06-10 23:17:30.492 [JavaFX Application Thread] INFO  c.g.c.ClientDashboardController - Found 0 upcoming and 0 past bookings for client Mykola Borovet
2025-06-10 23:17:31.109 [JavaFX Application Thread] INFO  com.gym.controller.LoginController - User mykolaborovets logged in successfully with role client
2025-06-10 23:59:31.018 [JavaFX Application Thread] INFO  com.gym.util.HibernateConfig - Database properties loaded successfully from database.properties
2025-06-10 23:59:31.027 [JavaFX Application Thread] INFO  com.gym.util.HibernateConfig - Using database driver: org.postgresql.Driver
2025-06-10 23:59:31.027 [JavaFX Application Thread] INFO  com.gym.util.HibernateConfig - Using database URL: jdbc:postgresql://ep-cool-mode-a821ko6i-pooler.eastus2.azure.neon.tech/neondb?sslmode=require
2025-06-10 23:59:31.027 [JavaFX Application Thread] INFO  com.gym.util.HibernateConfig - Using database username: neondb_owner
2025-06-10 23:59:31.027 [JavaFX Application Thread] INFO  com.gym.util.HibernateConfig - Using database password: ****************
2025-06-10 23:59:31.027 [JavaFX Application Thread] INFO  com.gym.util.HibernateConfig - Using database URL: jdbc:postgresql://ep-cool-mode-a821ko6i-pooler.eastus2.azure.neon.tech/neondb?sslmode=require
2025-06-10 23:59:31.027 [JavaFX Application Thread] INFO  com.gym.util.EntityManagerUtil - Setting up JPA with URL: jdbc:postgresql://ep-cool-mode-a821ko6i-pooler.eastus2.azure.neon.tech/neondb?sslmode=require
2025-06-10 23:59:41.255 [JavaFX Application Thread] INFO  com.gym.util.EntityManagerUtil - JPA EntityManagerFactory created successfully
2025-06-10 23:59:50.048 [JavaFX Application Thread] INFO  com.gym.controller.LoginController - User lemko logged in successfully with role admin
