2025-06-02 23:01:32.422 [JavaFX Application Thread] INFO  com.gym.util.HibernateConfig - Database properties loaded successfully from database.properties
2025-06-02 23:01:32.431 [JavaFX Application Thread] INFO  com.gym.util.HibernateConfig - Using database driver: org.postgresql.Driver
2025-06-02 23:01:32.432 [JavaFX Application Thread] INFO  com.gym.util.HibernateConfig - Using database URL: jdbc:postgresql://localhost:5433/gym
2025-06-02 23:01:32.432 [JavaFX Application Thread] INFO  com.gym.util.HibernateConfig - Using database username: postgres
2025-06-02 23:01:32.432 [JavaFX Application Thread] INFO  com.gym.util.HibernateConfig - Using database password: ********
2025-06-02 23:01:32.432 [JavaFX Application Thread] INFO  com.gym.util.HibernateConfig - Using database URL: jdbc:postgresql://localhost:5433/gym
2025-06-02 23:01:32.432 [JavaFX Application Thread] INFO  com.gym.util.EntityManagerUtil - Setting up JPA with URL: jdbc:postgresql://localhost:5433/gym
2025-06-02 23:01:38.473 [JavaFX Application Thread] INFO  com.gym.util.EntityManagerUtil - JPA EntityManagerFactory created successfully
2025-06-02 23:01:53.785 [JavaFX Application Thread] INFO  com.gym.controller.LoginController - User lemko logged in successfully with role admin
2025-06-02 23:02:07.973 [JavaFX Application Thread] INFO  c.g.c.AdminDashboardController - Opening Clients Management...
2025-06-02 23:02:08.035 [JavaFX Application Thread] INFO  com.gym.service.ClientService - Retrieving all clients
2025-06-02 23:02:08.111 [JavaFX Application Thread] INFO  c.g.c.ClientsManagementController - Loaded 4 clients from database
2025-06-02 23:02:08.132 [JavaFX Application Thread] INFO  c.g.c.AdminDashboardController - Opened Clients Management view
2025-06-02 23:02:28.757 [JavaFX Application Thread] INFO  c.g.c.ClientDialogController - Updating existing client...
2025-06-02 23:02:28.758 [JavaFX Application Thread] INFO  com.gym.service.ClientService - Updating existing client ID: 21
2025-06-02 23:02:28.761 [JavaFX Application Thread] WARN  com.gym.dao.impl.ClientDao - Attempting to save client without user_id
2025-06-02 23:02:28.839 [JavaFX Application Thread] INFO  com.gym.dao.impl.ClientDao - Updated existing client with ID: 21
2025-06-02 23:02:28.856 [JavaFX Application Thread] INFO  c.g.c.ClientDialogController - Client updated successfully with ID: 21
2025-06-02 23:02:28.887 [JavaFX Application Thread] INFO  com.gym.service.ClientService - Updating existing client ID: 21
2025-06-02 23:02:28.887 [JavaFX Application Thread] WARN  com.gym.dao.impl.ClientDao - Attempting to save client without user_id
2025-06-02 23:02:28.896 [JavaFX Application Thread] INFO  com.gym.dao.impl.ClientDao - Updated existing client with ID: 21
2025-06-02 23:02:28.898 [JavaFX Application Thread] INFO  c.g.c.ClientsManagementController - Client updated: Sasha
2025-06-02 23:02:44.990 [JavaFX Application Thread] INFO  c.g.c.AdminDashboardController - User logged out successfully
2025-06-02 23:02:55.155 [JavaFX Application Thread] INFO  com.gym.controller.LoginController - User lemko logged in successfully with role admin
2025-06-02 23:03:33.803 [JavaFX Application Thread] INFO  c.g.c.AdminDashboardController - Opening Clients Management...
2025-06-02 23:03:33.811 [JavaFX Application Thread] INFO  com.gym.service.ClientService - Retrieving all clients
2025-06-02 23:03:33.818 [JavaFX Application Thread] INFO  c.g.c.ClientsManagementController - Loaded 4 clients from database
2025-06-02 23:03:33.823 [JavaFX Application Thread] INFO  c.g.c.AdminDashboardController - Opened Clients Management view
2025-06-02 23:04:46.700 [JavaFX Application Thread] INFO  c.g.c.AdminDashboardController - Opening Training Schedule...
2025-06-02 23:04:46.832 [JavaFX Application Thread] INFO  c.g.c.AdminDashboardController - Opened Training Schedule view
2025-06-02 23:05:01.849 [JavaFX Application Thread] INFO  c.g.c.AdminDashboardController - Opening Clients Management...
2025-06-02 23:05:01.865 [JavaFX Application Thread] INFO  com.gym.service.ClientService - Retrieving all clients
2025-06-02 23:05:01.881 [JavaFX Application Thread] INFO  c.g.c.ClientsManagementController - Loaded 4 clients from database
2025-06-02 23:05:01.889 [JavaFX Application Thread] INFO  c.g.c.AdminDashboardController - Opened Clients Management view
2025-06-02 23:05:43.628 [JavaFX Application Thread] INFO  c.g.c.ClientDialogController - Photo uploaded successfully. Size: 1053 bytes
2025-06-02 23:05:48.612 [JavaFX Application Thread] INFO  c.g.c.ClientDialogController - Updating existing client...
2025-06-02 23:05:48.612 [JavaFX Application Thread] INFO  com.gym.service.ClientService - Updating existing client ID: 24
2025-06-02 23:05:48.612 [JavaFX Application Thread] WARN  com.gym.dao.impl.ClientDao - Attempting to save client without user_id
2025-06-02 23:05:48.651 [JavaFX Application Thread] INFO  com.gym.dao.impl.ClientDao - Updated existing client with ID: 24
2025-06-02 23:05:48.713 [JavaFX Application Thread] INFO  c.g.c.ClientDialogController - Client updated successfully with ID: 24
2025-06-02 23:05:48.749 [JavaFX Application Thread] INFO  com.gym.service.ClientService - Updating existing client ID: 24
2025-06-02 23:05:48.749 [JavaFX Application Thread] WARN  com.gym.dao.impl.ClientDao - Attempting to save client without user_id
2025-06-02 23:05:48.765 [JavaFX Application Thread] INFO  com.gym.dao.impl.ClientDao - Updated existing client with ID: 24
2025-06-02 23:05:48.768 [JavaFX Application Thread] INFO  c.g.c.ClientsManagementController - Client updated: Oleksandr Vivchar
2025-06-02 23:06:06.048 [JavaFX Application Thread] INFO  c.g.c.ClientDialogController - Updating existing client...
2025-06-02 23:06:06.049 [JavaFX Application Thread] INFO  com.gym.service.ClientService - Updating existing client ID: 22
2025-06-02 23:06:06.050 [JavaFX Application Thread] WARN  com.gym.dao.impl.ClientDao - Attempting to save client without user_id
2025-06-02 23:06:06.063 [JavaFX Application Thread] INFO  com.gym.dao.impl.ClientDao - Updated existing client with ID: 22
2025-06-02 23:06:06.079 [JavaFX Application Thread] INFO  c.g.c.ClientDialogController - Client updated successfully with ID: 22
2025-06-02 23:06:06.121 [JavaFX Application Thread] INFO  com.gym.service.ClientService - Updating existing client ID: 22
2025-06-02 23:06:06.122 [JavaFX Application Thread] WARN  com.gym.dao.impl.ClientDao - Attempting to save client without user_id
2025-06-02 23:06:06.130 [JavaFX Application Thread] INFO  com.gym.dao.impl.ClientDao - Updated existing client with ID: 22
2025-06-02 23:06:06.132 [JavaFX Application Thread] INFO  c.g.c.ClientsManagementController - Client updated: Markiyan Kits
2025-06-02 23:07:20.185 [JavaFX Application Thread] INFO  c.g.c.ClientDialogController - Updating existing client...
2025-06-02 23:07:20.185 [JavaFX Application Thread] INFO  com.gym.service.ClientService - Updating existing client ID: 25
2025-06-02 23:07:20.187 [JavaFX Application Thread] WARN  com.gym.dao.impl.ClientDao - Attempting to save client without user_id
2025-06-02 23:07:20.196 [JavaFX Application Thread] INFO  com.gym.dao.impl.ClientDao - Updated existing client with ID: 25
2025-06-02 23:07:20.201 [JavaFX Application Thread] INFO  c.g.c.ClientDialogController - Client updated successfully with ID: 25
2025-06-02 23:07:20.257 [JavaFX Application Thread] INFO  com.gym.service.ClientService - Updating existing client ID: 25
2025-06-02 23:07:20.257 [JavaFX Application Thread] WARN  com.gym.dao.impl.ClientDao - Attempting to save client without user_id
2025-06-02 23:07:20.265 [JavaFX Application Thread] INFO  com.gym.dao.impl.ClientDao - Updated existing client with ID: 25
2025-06-02 23:07:20.267 [JavaFX Application Thread] INFO  c.g.c.ClientsManagementController - Client updated: Ruslan Zubach
2025-06-02 23:09:22.927 [JavaFX Application Thread] INFO  c.g.c.ClientDialogController - Updating existing client...
2025-06-02 23:09:22.927 [JavaFX Application Thread] INFO  com.gym.service.ClientService - Updating existing client ID: 21
2025-06-02 23:09:22.928 [JavaFX Application Thread] WARN  com.gym.dao.impl.ClientDao - Attempting to save client without user_id
2025-06-02 23:09:22.967 [JavaFX Application Thread] INFO  com.gym.dao.impl.ClientDao - Updated existing client with ID: 21
2025-06-02 23:09:22.974 [JavaFX Application Thread] INFO  c.g.c.ClientDialogController - Client updated successfully with ID: 21
2025-06-02 23:09:23.010 [JavaFX Application Thread] INFO  com.gym.service.ClientService - Updating existing client ID: 21
2025-06-02 23:09:23.010 [JavaFX Application Thread] WARN  com.gym.dao.impl.ClientDao - Attempting to save client without user_id
2025-06-02 23:09:23.016 [JavaFX Application Thread] INFO  com.gym.dao.impl.ClientDao - Updated existing client with ID: 21
2025-06-02 23:09:23.018 [JavaFX Application Thread] INFO  c.g.c.ClientsManagementController - Client updated: Yura Stashchyshyn
2025-06-02 23:09:34.812 [JavaFX Application Thread] INFO  c.g.c.ClientDialogController - Updating existing client...
2025-06-02 23:09:34.812 [JavaFX Application Thread] INFO  com.gym.service.ClientService - Updating existing client ID: 24
2025-06-02 23:09:34.812 [JavaFX Application Thread] WARN  com.gym.dao.impl.ClientDao - Attempting to save client without user_id
2025-06-02 23:09:34.832 [JavaFX Application Thread] INFO  com.gym.dao.impl.ClientDao - Updated existing client with ID: 24
2025-06-02 23:09:34.841 [JavaFX Application Thread] INFO  c.g.c.ClientDialogController - Client updated successfully with ID: 24
2025-06-02 23:09:34.908 [JavaFX Application Thread] INFO  com.gym.service.ClientService - Updating existing client ID: 24
2025-06-02 23:09:34.908 [JavaFX Application Thread] WARN  com.gym.dao.impl.ClientDao - Attempting to save client without user_id
2025-06-02 23:09:34.921 [JavaFX Application Thread] INFO  com.gym.dao.impl.ClientDao - Updated existing client with ID: 24
2025-06-02 23:09:34.922 [JavaFX Application Thread] INFO  c.g.c.ClientsManagementController - Client updated: Oleksandr Vivchar
2025-06-02 23:09:48.175 [JavaFX Application Thread] INFO  c.g.c.ClientDialogController - Updating existing client...
2025-06-02 23:09:48.177 [JavaFX Application Thread] INFO  com.gym.service.ClientService - Updating existing client ID: 22
2025-06-02 23:09:48.177 [JavaFX Application Thread] WARN  com.gym.dao.impl.ClientDao - Attempting to save client without user_id
2025-06-02 23:09:48.190 [JavaFX Application Thread] INFO  com.gym.dao.impl.ClientDao - Updated existing client with ID: 22
2025-06-02 23:09:48.193 [JavaFX Application Thread] INFO  c.g.c.ClientDialogController - Client updated successfully with ID: 22
2025-06-02 23:09:48.264 [JavaFX Application Thread] INFO  com.gym.service.ClientService - Updating existing client ID: 22
2025-06-02 23:09:48.264 [JavaFX Application Thread] WARN  com.gym.dao.impl.ClientDao - Attempting to save client without user_id
2025-06-02 23:09:48.270 [JavaFX Application Thread] INFO  com.gym.dao.impl.ClientDao - Updated existing client with ID: 22
2025-06-02 23:09:48.272 [JavaFX Application Thread] INFO  c.g.c.ClientsManagementController - Client updated: Markiyan Kits
2025-06-02 23:10:50.455 [JavaFX Application Thread] INFO  c.g.c.ClientDialogController - Saving new client...
2025-06-02 23:10:50.456 [JavaFX Application Thread] INFO  com.gym.service.ClientService - Creating new client: Mykola Borovets
2025-06-02 23:10:50.456 [JavaFX Application Thread] WARN  com.gym.dao.impl.ClientDao - Attempting to save client without user_id
2025-06-02 23:10:50.507 [JavaFX Application Thread] INFO  com.gym.dao.impl.ClientDao - Persisted new client with user_id: null
2025-06-02 23:10:50.635 [JavaFX Application Thread] INFO  com.gym.service.ClientService - Creating user account for client ID: 43
2025-06-02 23:10:50.654 [JavaFX Application Thread] INFO  com.gym.dao.impl.ClientDao - Saving client with user_id: 37
2025-06-02 23:10:50.667 [JavaFX Application Thread] INFO  com.gym.dao.impl.ClientDao - Updated existing client with ID: 43
2025-06-02 23:10:50.674 [JavaFX Application Thread] INFO  c.g.c.ClientDialogController - Client saved successfully with ID: 43
2025-06-02 23:10:50.711 [JavaFX Application Thread] INFO  com.gym.service.ClientService - Retrieving all clients
2025-06-02 23:10:50.721 [JavaFX Application Thread] INFO  c.g.c.ClientsManagementController - Loaded 5 clients from database
2025-06-02 23:11:36.483 [JavaFX Application Thread] INFO  c.g.c.ClientDialogController - Updating existing client...
2025-06-02 23:11:36.484 [JavaFX Application Thread] INFO  com.gym.service.ClientService - Updating existing client ID: 21
2025-06-02 23:11:36.484 [JavaFX Application Thread] WARN  com.gym.dao.impl.ClientDao - Attempting to save client without user_id
2025-06-02 23:11:36.493 [JavaFX Application Thread] INFO  com.gym.dao.impl.ClientDao - Updated existing client with ID: 21
2025-06-02 23:11:36.503 [JavaFX Application Thread] INFO  c.g.c.ClientDialogController - Client updated successfully with ID: 21
2025-06-02 23:11:36.554 [JavaFX Application Thread] INFO  com.gym.service.ClientService - Updating existing client ID: 21
2025-06-02 23:11:36.555 [JavaFX Application Thread] WARN  com.gym.dao.impl.ClientDao - Attempting to save client without user_id
2025-06-02 23:11:36.560 [JavaFX Application Thread] INFO  com.gym.dao.impl.ClientDao - Updated existing client with ID: 21
2025-06-02 23:11:36.561 [JavaFX Application Thread] INFO  c.g.c.ClientsManagementController - Client updated: Yura Stashchyshyn
2025-06-02 23:13:45.614 [JavaFX Application Thread] INFO  c.g.c.ClientDialogController - Updating existing client...
2025-06-02 23:13:45.614 [JavaFX Application Thread] INFO  com.gym.service.ClientService - Updating existing client ID: 22
2025-06-02 23:13:45.614 [JavaFX Application Thread] WARN  com.gym.dao.impl.ClientDao - Attempting to save client without user_id
2025-06-02 23:13:45.647 [JavaFX Application Thread] INFO  com.gym.dao.impl.ClientDao - Updated existing client with ID: 22
2025-06-02 23:13:45.649 [JavaFX Application Thread] INFO  c.g.c.ClientDialogController - Client updated successfully with ID: 22
2025-06-02 23:13:45.683 [JavaFX Application Thread] INFO  com.gym.service.ClientService - Updating existing client ID: 22
2025-06-02 23:13:45.684 [JavaFX Application Thread] WARN  com.gym.dao.impl.ClientDao - Attempting to save client without user_id
2025-06-02 23:13:45.692 [JavaFX Application Thread] INFO  com.gym.dao.impl.ClientDao - Updated existing client with ID: 22
2025-06-02 23:13:45.694 [JavaFX Application Thread] INFO  c.g.c.ClientsManagementController - Client updated: Markiyan Kits
2025-06-02 23:13:56.389 [JavaFX Application Thread] INFO  c.g.c.ClientDialogController - Updating existing client...
2025-06-02 23:13:56.389 [JavaFX Application Thread] INFO  com.gym.service.ClientService - Updating existing client ID: 25
2025-06-02 23:13:56.390 [JavaFX Application Thread] WARN  com.gym.dao.impl.ClientDao - Attempting to save client without user_id
2025-06-02 23:13:56.402 [JavaFX Application Thread] INFO  com.gym.dao.impl.ClientDao - Updated existing client with ID: 25
2025-06-02 23:13:56.404 [JavaFX Application Thread] INFO  c.g.c.ClientDialogController - Client updated successfully with ID: 25
2025-06-02 23:13:56.441 [JavaFX Application Thread] INFO  com.gym.service.ClientService - Updating existing client ID: 25
2025-06-02 23:13:56.442 [JavaFX Application Thread] WARN  com.gym.dao.impl.ClientDao - Attempting to save client without user_id
2025-06-02 23:13:56.447 [JavaFX Application Thread] INFO  com.gym.dao.impl.ClientDao - Updated existing client with ID: 25
2025-06-02 23:13:56.448 [JavaFX Application Thread] INFO  c.g.c.ClientsManagementController - Client updated: Ruslan Zubach
2025-06-02 23:15:06.738 [JavaFX Application Thread] INFO  c.g.c.AdminDashboardController - Opening Training Schedule...
2025-06-02 23:15:06.768 [JavaFX Application Thread] INFO  c.g.c.AdminDashboardController - Opened Training Schedule view
2025-06-02 23:16:13.712 [JavaFX Application Thread] INFO  c.g.c.TrainingDetailsController - Training: Training 1
2025-06-02 23:16:13.712 [JavaFX Application Thread] INFO  c.g.c.TrainingDetailsController - Capacity: 10
2025-06-02 23:16:13.712 [JavaFX Application Thread] INFO  c.g.c.TrainingDetailsController - Booked count: 0
2025-06-02 23:16:13.712 [JavaFX Application Thread] INFO  c.g.c.TrainingDetailsController - Available slots: 10
2025-06-02 23:16:13.712 [JavaFX Application Thread] INFO  c.g.c.TrainingDetailsController - Scheduled at: 2025-05-28T19:35
2025-06-02 23:16:13.712 [JavaFX Application Thread] INFO  c.g.c.TrainingDetailsController - Is in past: true
2025-06-02 23:16:13.713 [JavaFX Application Thread] INFO  c.g.c.TrainingDetailsController - Add Booking button disabled: true
2025-06-02 23:16:16.977 [JavaFX Application Thread] INFO  c.g.c.TrainingDetailsController - Training: Training 2
2025-06-02 23:16:16.978 [JavaFX Application Thread] INFO  c.g.c.TrainingDetailsController - Capacity: 10
2025-06-02 23:16:16.978 [JavaFX Application Thread] INFO  c.g.c.TrainingDetailsController - Booked count: 0
2025-06-02 23:16:16.978 [JavaFX Application Thread] INFO  c.g.c.TrainingDetailsController - Available slots: 10
2025-06-02 23:16:16.978 [JavaFX Application Thread] INFO  c.g.c.TrainingDetailsController - Scheduled at: 2025-06-18T23:15
2025-06-02 23:16:16.978 [JavaFX Application Thread] INFO  c.g.c.TrainingDetailsController - Is in past: false
2025-06-02 23:16:16.978 [JavaFX Application Thread] INFO  c.g.c.TrainingDetailsController - Add Booking button disabled: false
2025-06-02 23:16:20.578 [JavaFX Application Thread] INFO  c.g.c.TrainingDetailsController - Training: Training 2
2025-06-02 23:16:20.578 [JavaFX Application Thread] INFO  c.g.c.TrainingDetailsController - Capacity: 10
2025-06-02 23:16:20.578 [JavaFX Application Thread] INFO  c.g.c.TrainingDetailsController - Booked count: 1
2025-06-02 23:16:20.578 [JavaFX Application Thread] INFO  c.g.c.TrainingDetailsController - Available slots: 9
2025-06-02 23:16:20.578 [JavaFX Application Thread] INFO  c.g.c.TrainingDetailsController - Scheduled at: 2025-06-18T23:15
2025-06-02 23:16:20.578 [JavaFX Application Thread] INFO  c.g.c.TrainingDetailsController - Is in past: false
2025-06-02 23:16:20.578 [JavaFX Application Thread] INFO  c.g.c.TrainingDetailsController - Add Booking button disabled: false
2025-06-02 23:17:31.236 [JavaFX Application Thread] INFO  c.g.c.AdminDashboardController - Opening Memberships...
2025-06-02 23:17:31.261 [JavaFX Application Thread] INFO  com.gym.service.MembershipService - Retrieving all memberships
2025-06-02 23:17:31.285 [JavaFX Application Thread] INFO  c.g.c.AdminDashboardController - Opened Memberships Management view
2025-06-02 23:18:18.002 [JavaFX Application Thread] INFO  com.gym.service.MembershipService - Updating existing membership ID: 25
2025-06-02 23:18:18.017 [JavaFX Application Thread] ERROR c.g.c.MembershipsManagementController - Error opening add membership dialog: 
java.lang.NullPointerException: Cannot invoke "java.time.LocalDate.isAfter(java.time.chrono.ChronoLocalDate)" because the return value of "com.gym.model.Membership.getEndDate()" is null
	at com.gym.controller.MembershipsManagementController.lambda$9(MembershipsManagementController.java:228)
	at java.base/java.util.stream.ReferencePipeline$2$1.accept(ReferencePipeline.java:193)
	at java.base/java.util.AbstractList$RandomAccessSpliterator.forEachRemaining(AbstractList.java:722)
	at java.base/java.util.stream.AbstractPipeline.copyInto(AbstractPipeline.java:556)
	at java.base/java.util.stream.AbstractPipeline.wrapAndCopyInto(AbstractPipeline.java:546)
	at java.base/java.util.stream.ReduceOps$ReduceOp.evaluateSequential(ReduceOps.java:921)
	at java.base/java.util.stream.ReduceOps$5.evaluateSequential(ReduceOps.java:258)
	at java.base/java.util.stream.ReduceOps$5.evaluateSequential(ReduceOps.java:248)
	at java.base/java.util.stream.AbstractPipeline.evaluate(AbstractPipeline.java:265)
	at java.base/java.util.stream.ReferencePipeline.count(ReferencePipeline.java:729)
	at com.gym.controller.MembershipsManagementController.updateStatusLabels(MembershipsManagementController.java:230)
	at com.gym.controller.MembershipsManagementController.handleAddMembership(MembershipsManagementController.java:265)
	at java.base/jdk.internal.reflect.DirectMethodHandleAccessor.invoke(DirectMethodHandleAccessor.java:103)
	at java.base/java.lang.reflect.Method.invoke(Method.java:580)
	at com.sun.javafx.reflect.Trampoline.invoke(MethodUtil.java:77)
	at java.base/jdk.internal.reflect.DirectMethodHandleAccessor.invoke(DirectMethodHandleAccessor.java:103)
	at java.base/java.lang.reflect.Method.invoke(Method.java:580)
	at javafx.base/com.sun.javafx.reflect.MethodUtil.invoke(MethodUtil.java:275)
	at javafx.fxml/com.sun.javafx.fxml.MethodHelper.invoke(MethodHelper.java:84)
	at javafx.fxml/javafx.fxml.FXMLLoader$MethodHandler.invoke(FXMLLoader.java:1854)
	at javafx.fxml/javafx.fxml.FXMLLoader$ControllerMethodEventHandler.handle(FXMLLoader.java:1724)
	at javafx.base/com.sun.javafx.event.CompositeEventHandler.dispatchBubblingEvent(CompositeEventHandler.java:86)
	at javafx.base/com.sun.javafx.event.EventHandlerManager.dispatchBubblingEvent(EventHandlerManager.java:234)
	at javafx.base/com.sun.javafx.event.EventHandlerManager.dispatchBubblingEvent(EventHandlerManager.java:191)
	at javafx.base/com.sun.javafx.event.CompositeEventDispatcher.dispatchBubblingEvent(CompositeEventDispatcher.java:59)
	at javafx.base/com.sun.javafx.event.BasicEventDispatcher.dispatchEvent(BasicEventDispatcher.java:58)
	at javafx.base/com.sun.javafx.event.EventDispatchChainImpl.dispatchEvent(EventDispatchChainImpl.java:114)
	at javafx.base/com.sun.javafx.event.BasicEventDispatcher.dispatchEvent(BasicEventDispatcher.java:56)
	at javafx.base/com.sun.javafx.event.EventDispatchChainImpl.dispatchEvent(EventDispatchChainImpl.java:114)
	at javafx.base/com.sun.javafx.event.BasicEventDispatcher.dispatchEvent(BasicEventDispatcher.java:56)
	at javafx.base/com.sun.javafx.event.EventDispatchChainImpl.dispatchEvent(EventDispatchChainImpl.java:114)
	at javafx.base/com.sun.javafx.event.EventUtil.fireEventImpl(EventUtil.java:74)
	at javafx.base/com.sun.javafx.event.EventUtil.fireEvent(EventUtil.java:49)
	at javafx.base/javafx.event.Event.fireEvent(Event.java:198)
	at javafx.graphics/javafx.scene.Node.fireEvent(Node.java:8792)
	at javafx.controls/javafx.scene.control.Button.fire(Button.java:203)
	at javafx.controls/com.sun.javafx.scene.control.behavior.ButtonBehavior.mouseReleased(ButtonBehavior.java:208)
	at javafx.controls/com.sun.javafx.scene.control.inputmap.InputMap.handle(InputMap.java:274)
	at javafx.base/com.sun.javafx.event.CompositeEventHandler$NormalEventHandlerRecord.handleBubblingEvent(CompositeEventHandler.java:247)
	at javafx.base/com.sun.javafx.event.CompositeEventHandler.dispatchBubblingEvent(CompositeEventHandler.java:80)
	at javafx.base/com.sun.javafx.event.EventHandlerManager.dispatchBubblingEvent(EventHandlerManager.java:234)
	at javafx.base/com.sun.javafx.event.EventHandlerManager.dispatchBubblingEvent(EventHandlerManager.java:191)
	at javafx.base/com.sun.javafx.event.CompositeEventDispatcher.dispatchBubblingEvent(CompositeEventDispatcher.java:59)
	at javafx.base/com.sun.javafx.event.BasicEventDispatcher.dispatchEvent(BasicEventDispatcher.java:58)
	at javafx.base/com.sun.javafx.event.EventDispatchChainImpl.dispatchEvent(EventDispatchChainImpl.java:114)
	at javafx.base/com.sun.javafx.event.BasicEventDispatcher.dispatchEvent(BasicEventDispatcher.java:56)
	at javafx.base/com.sun.javafx.event.EventDispatchChainImpl.dispatchEvent(EventDispatchChainImpl.java:114)
	at javafx.base/com.sun.javafx.event.BasicEventDispatcher.dispatchEvent(BasicEventDispatcher.java:56)
	at javafx.base/com.sun.javafx.event.EventDispatchChainImpl.dispatchEvent(EventDispatchChainImpl.java:114)
	at javafx.base/com.sun.javafx.event.EventUtil.fireEventImpl(EventUtil.java:74)
	at javafx.base/com.sun.javafx.event.EventUtil.fireEvent(EventUtil.java:54)
	at javafx.base/javafx.event.Event.fireEvent(Event.java:198)
	at javafx.graphics/javafx.scene.Scene$MouseHandler.process(Scene.java:3897)
	at javafx.graphics/javafx.scene.Scene.processMouseEvent(Scene.java:1878)
	at javafx.graphics/javafx.scene.Scene$ScenePeerListener.mouseEvent(Scene.java:2623)
	at javafx.graphics/com.sun.javafx.tk.quantum.GlassViewEventHandler$MouseEventNotification.run(GlassViewEventHandler.java:411)
	at javafx.graphics/com.sun.javafx.tk.quantum.GlassViewEventHandler$MouseEventNotification.run(GlassViewEventHandler.java:301)
	at java.base/java.security.AccessController.doPrivileged(AccessController.java:400)
	at javafx.graphics/com.sun.javafx.tk.quantum.GlassViewEventHandler.lambda$handleMouseEvent$2(GlassViewEventHandler.java:450)
	at javafx.graphics/com.sun.javafx.tk.quantum.QuantumToolkit.runWithoutRenderLock(QuantumToolkit.java:424)
	at javafx.graphics/com.sun.javafx.tk.quantum.GlassViewEventHandler.handleMouseEvent(GlassViewEventHandler.java:449)
	at javafx.graphics/com.sun.glass.ui.View.handleMouseEvent(View.java:557)
	at javafx.graphics/com.sun.glass.ui.View.notifyMouse(View.java:943)
	at javafx.graphics/com.sun.glass.ui.win.WinApplication._runLoop(Native Method)
	at javafx.graphics/com.sun.glass.ui.win.WinApplication.lambda$runLoop$3(WinApplication.java:184)
	at java.base/java.lang.Thread.run(Thread.java:1570)
2025-06-02 23:19:52.722 [JavaFX Application Thread] INFO  c.g.c.AdminDashboardController - Opening Reports...
2025-06-02 23:19:52.883 [JavaFX Application Thread] INFO  c.gym.controller.ReportsController - Initializing Reports Controller...
2025-06-02 23:19:52.883 [JavaFX Application Thread] INFO  c.gym.controller.ReportsController - Date pickers setup completed
2025-06-02 23:19:52.887 [JavaFX Application Thread] INFO  c.gym.controller.ReportsController - Tables setup completed
2025-06-02 23:19:52.887 [JavaFX Application Thread] INFO  c.gym.controller.ReportsController - Charts setup completed
2025-06-02 23:19:52.888 [JavaFX Application Thread] INFO  c.gym.controller.ReportsController - Date picker listeners setup completed
2025-06-02 23:19:52.889 [JavaFX Application Thread] INFO  com.gym.util.HibernateConfig - Using database driver: org.postgresql.Driver
2025-06-02 23:19:52.890 [JavaFX Application Thread] INFO  com.gym.util.DatabaseConnection - PostgreSQL JDBC Driver successfully registered
2025-06-02 23:19:52.890 [JavaFX Application Thread] INFO  com.gym.util.HibernateConfig - Using database URL: jdbc:postgresql://localhost:5433/gym
2025-06-02 23:19:52.890 [JavaFX Application Thread] INFO  com.gym.util.HibernateConfig - Using database username: postgres
2025-06-02 23:19:52.890 [JavaFX Application Thread] INFO  com.gym.util.HibernateConfig - Using database password: ********
2025-06-02 23:19:52.890 [JavaFX Application Thread] INFO  com.gym.util.DatabaseConnection - Attempting to connect to database with URL: jdbc:postgresql://localhost:5433/gym, username: postgres
2025-06-02 23:19:52.971 [JavaFX Application Thread] INFO  com.gym.util.DatabaseConnection - Successfully established database connection to jdbc:postgresql://localhost:5433/gym
2025-06-02 23:19:52.992 [JavaFX Application Thread] INFO  com.gym.util.HibernateConfig - Using database URL: jdbc:postgresql://localhost:5433/gym
2025-06-02 23:19:52.992 [JavaFX Application Thread] INFO  com.gym.util.HibernateConfig - Using database username: postgres
2025-06-02 23:19:52.992 [JavaFX Application Thread] INFO  com.gym.util.HibernateConfig - Using database password: ********
2025-06-02 23:19:52.992 [JavaFX Application Thread] INFO  com.gym.util.DatabaseConnection - Attempting to connect to database with URL: jdbc:postgresql://localhost:5433/gym, username: postgres
2025-06-02 23:19:53.173 [JavaFX Application Thread] INFO  com.gym.util.DatabaseConnection - Successfully established database connection to jdbc:postgresql://localhost:5433/gym
2025-06-02 23:19:53.201 [JavaFX Application Thread] INFO  com.gym.util.HibernateConfig - Using database URL: jdbc:postgresql://localhost:5433/gym
2025-06-02 23:19:53.201 [JavaFX Application Thread] INFO  com.gym.util.HibernateConfig - Using database username: postgres
2025-06-02 23:19:53.201 [JavaFX Application Thread] INFO  com.gym.util.HibernateConfig - Using database password: ********
2025-06-02 23:19:53.201 [JavaFX Application Thread] INFO  com.gym.util.DatabaseConnection - Attempting to connect to database with URL: jdbc:postgresql://localhost:5433/gym, username: postgres
2025-06-02 23:19:53.277 [JavaFX Application Thread] INFO  com.gym.util.DatabaseConnection - Successfully established database connection to jdbc:postgresql://localhost:5433/gym
2025-06-02 23:19:53.302 [JavaFX Application Thread] INFO  com.gym.util.HibernateConfig - Using database URL: jdbc:postgresql://localhost:5433/gym
2025-06-02 23:19:53.302 [JavaFX Application Thread] INFO  com.gym.util.HibernateConfig - Using database username: postgres
2025-06-02 23:19:53.302 [JavaFX Application Thread] INFO  com.gym.util.HibernateConfig - Using database password: ********
2025-06-02 23:19:53.302 [JavaFX Application Thread] INFO  com.gym.util.DatabaseConnection - Attempting to connect to database with URL: jdbc:postgresql://localhost:5433/gym, username: postgres
2025-06-02 23:19:53.373 [JavaFX Application Thread] INFO  com.gym.util.DatabaseConnection - Successfully established database connection to jdbc:postgresql://localhost:5433/gym
2025-06-02 23:19:53.382 [JavaFX Application Thread] INFO  com.gym.util.HibernateConfig - Using database URL: jdbc:postgresql://localhost:5433/gym
2025-06-02 23:19:53.382 [JavaFX Application Thread] INFO  com.gym.util.HibernateConfig - Using database username: postgres
2025-06-02 23:19:53.382 [JavaFX Application Thread] INFO  com.gym.util.HibernateConfig - Using database password: ********
2025-06-02 23:19:53.382 [JavaFX Application Thread] INFO  com.gym.util.DatabaseConnection - Attempting to connect to database with URL: jdbc:postgresql://localhost:5433/gym, username: postgres
2025-06-02 23:19:53.458 [JavaFX Application Thread] INFO  com.gym.util.DatabaseConnection - Successfully established database connection to jdbc:postgresql://localhost:5433/gym
2025-06-02 23:19:53.483 [JavaFX Application Thread] INFO  com.gym.util.HibernateConfig - Using database URL: jdbc:postgresql://localhost:5433/gym
2025-06-02 23:19:53.483 [JavaFX Application Thread] INFO  com.gym.util.HibernateConfig - Using database username: postgres
2025-06-02 23:19:53.483 [JavaFX Application Thread] INFO  com.gym.util.HibernateConfig - Using database password: ********
2025-06-02 23:19:53.483 [JavaFX Application Thread] INFO  com.gym.util.DatabaseConnection - Attempting to connect to database with URL: jdbc:postgresql://localhost:5433/gym, username: postgres
2025-06-02 23:19:53.565 [JavaFX Application Thread] INFO  com.gym.util.DatabaseConnection - Successfully established database connection to jdbc:postgresql://localhost:5433/gym
2025-06-02 23:19:53.577 [JavaFX Application Thread] INFO  com.gym.util.HibernateConfig - Using database URL: jdbc:postgresql://localhost:5433/gym
2025-06-02 23:19:53.577 [JavaFX Application Thread] INFO  com.gym.util.HibernateConfig - Using database username: postgres
2025-06-02 23:19:53.577 [JavaFX Application Thread] INFO  com.gym.util.HibernateConfig - Using database password: ********
2025-06-02 23:19:53.577 [JavaFX Application Thread] INFO  com.gym.util.DatabaseConnection - Attempting to connect to database with URL: jdbc:postgresql://localhost:5433/gym, username: postgres
2025-06-02 23:19:53.658 [JavaFX Application Thread] INFO  com.gym.util.DatabaseConnection - Successfully established database connection to jdbc:postgresql://localhost:5433/gym
2025-06-02 23:19:53.678 [JavaFX Application Thread] INFO  c.gym.controller.ReportsController - Initial data load completed
2025-06-02 23:21:42.109 [JavaFX Application Thread] INFO  c.g.c.AdminDashboardController - User logged out successfully
2025-06-02 23:21:53.207 [JavaFX Application Thread] INFO  c.g.c.ClientDashboardController - Initializing client dashboard for user ID: 37 and username: mykolaborovets
2025-06-02 23:21:53.207 [JavaFX Application Thread] INFO  c.g.c.ClientDashboardController - Loading client data for user ID: 37
2025-06-02 23:21:53.289 [JavaFX Application Thread] INFO  com.gym.dao.impl.ClientDao - Found client_id 43 for user_id 37
2025-06-02 23:21:53.298 [JavaFX Application Thread] INFO  com.gym.dao.impl.ClientDao - Found client: Mykola Borovets
2025-06-02 23:21:53.299 [JavaFX Application Thread] INFO  c.g.c.ClientDashboardController - Found client: Mykola Borovets with email: mykolaborovets@gmail.com and phone: 0984545454
2025-06-02 23:21:53.299 [JavaFX Application Thread] INFO  c.g.c.ClientDashboardController - Setting medical notes: -
2025-06-02 23:21:53.321 [JavaFX Application Thread] INFO  c.g.c.ClientDashboardController - Found 0 upcoming and 0 past bookings for client Mykola Borovets
2025-06-02 23:21:53.429 [JavaFX Application Thread] INFO  com.gym.controller.LoginController - User mykolaborovets logged in successfully with role client
2025-06-02 23:22:21.875 [JavaFX Application Thread] INFO  com.gym.controller.LoginController - User lemko logged in successfully with role admin
2025-06-02 23:22:23.594 [JavaFX Application Thread] INFO  c.g.c.AdminDashboardController - Opening Clients Management...
2025-06-02 23:22:23.602 [JavaFX Application Thread] INFO  com.gym.service.ClientService - Retrieving all clients
2025-06-02 23:22:23.611 [JavaFX Application Thread] INFO  c.g.c.ClientsManagementController - Loaded 5 clients from database
2025-06-02 23:22:23.615 [JavaFX Application Thread] INFO  c.g.c.AdminDashboardController - Opened Clients Management view
2025-06-02 23:22:32.178 [JavaFX Application Thread] INFO  c.g.c.ClientDialogController - Photo uploaded successfully. Size: 19938 bytes
2025-06-02 23:22:33.788 [JavaFX Application Thread] INFO  c.g.c.ClientDialogController - Updating existing client...
2025-06-02 23:22:33.788 [JavaFX Application Thread] INFO  com.gym.service.ClientService - Updating existing client ID: 43
2025-06-02 23:22:33.789 [JavaFX Application Thread] INFO  com.gym.dao.impl.ClientDao - Saving client with user_id: 37
2025-06-02 23:22:33.807 [JavaFX Application Thread] INFO  com.gym.dao.impl.ClientDao - Updated existing client with ID: 43
2025-06-02 23:22:33.837 [JavaFX Application Thread] INFO  c.g.c.ClientDialogController - Client updated successfully with ID: 43
2025-06-02 23:22:33.872 [JavaFX Application Thread] INFO  com.gym.service.ClientService - Updating existing client ID: 43
2025-06-02 23:22:33.873 [JavaFX Application Thread] INFO  com.gym.dao.impl.ClientDao - Saving client with user_id: 37
2025-06-02 23:22:33.877 [JavaFX Application Thread] INFO  com.gym.dao.impl.ClientDao - Updated existing client with ID: 43
2025-06-02 23:22:33.879 [JavaFX Application Thread] INFO  c.g.c.ClientsManagementController - Client updated: Mykola Borovets
2025-06-02 23:22:40.843 [JavaFX Application Thread] INFO  c.g.c.AdminDashboardController - User logged out successfully
2025-06-02 23:23:45.448 [JavaFX Application Thread] INFO  com.gym.util.HibernateConfig - Database properties loaded successfully from database.properties
2025-06-02 23:23:45.456 [JavaFX Application Thread] INFO  com.gym.util.HibernateConfig - Using database driver: org.postgresql.Driver
2025-06-02 23:23:45.456 [JavaFX Application Thread] INFO  com.gym.util.HibernateConfig - Using database URL: jdbc:postgresql://localhost:5433/gym
2025-06-02 23:23:45.456 [JavaFX Application Thread] INFO  com.gym.util.HibernateConfig - Using database username: postgres
2025-06-02 23:23:45.456 [JavaFX Application Thread] INFO  com.gym.util.HibernateConfig - Using database password: ********
2025-06-02 23:23:45.456 [JavaFX Application Thread] INFO  com.gym.util.HibernateConfig - Using database URL: jdbc:postgresql://localhost:5433/gym
2025-06-02 23:23:45.456 [JavaFX Application Thread] INFO  com.gym.util.EntityManagerUtil - Setting up JPA with URL: jdbc:postgresql://localhost:5433/gym
2025-06-02 23:23:49.814 [JavaFX Application Thread] INFO  com.gym.util.EntityManagerUtil - JPA EntityManagerFactory created successfully
2025-06-02 23:24:02.299 [JavaFX Application Thread] INFO  c.g.c.ClientDashboardController - Initializing client dashboard for user ID: 37 and username: mykolaborovets
2025-06-02 23:24:02.299 [JavaFX Application Thread] INFO  c.g.c.ClientDashboardController - Loading client data for user ID: 37
2025-06-02 23:24:02.333 [JavaFX Application Thread] INFO  com.gym.dao.impl.ClientDao - Found client_id 43 for user_id 37
2025-06-02 23:24:02.361 [JavaFX Application Thread] INFO  com.gym.dao.impl.ClientDao - Found client: Mykola Borovets
2025-06-02 23:24:02.362 [JavaFX Application Thread] INFO  c.g.c.ClientDashboardController - Found client: Mykola Borovets with email: mykolaborovets@gmail.com and phone: 0984545454
2025-06-02 23:24:02.362 [JavaFX Application Thread] INFO  c.g.c.ClientDashboardController - Setting medical notes: -
2025-06-02 23:24:02.477 [JavaFX Application Thread] INFO  c.g.c.ClientDashboardController - Found 0 upcoming and 0 past bookings for client Mykola Borovets
2025-06-02 23:24:03.088 [JavaFX Application Thread] INFO  com.gym.controller.LoginController - User mykolaborovets logged in successfully with role client
2025-06-02 23:24:27.311 [JavaFX Application Thread] INFO  c.g.c.ClientDashboardController - Initializing client dashboard for user ID: 37 and username: mykolaborovets
2025-06-02 23:24:27.311 [JavaFX Application Thread] INFO  c.g.c.ClientDashboardController - Loading client data for user ID: 37
2025-06-02 23:24:27.314 [JavaFX Application Thread] INFO  com.gym.dao.impl.ClientDao - Found client_id 43 for user_id 37
2025-06-02 23:24:27.319 [JavaFX Application Thread] INFO  com.gym.dao.impl.ClientDao - Found client: Mykola Borovets
2025-06-02 23:24:27.319 [JavaFX Application Thread] INFO  c.g.c.ClientDashboardController - Found client: Mykola Borovets with email: mykolaborovets@gmail.com and phone: 0984545454
2025-06-02 23:24:27.319 [JavaFX Application Thread] INFO  c.g.c.ClientDashboardController - Setting medical notes: -
2025-06-02 23:24:27.328 [JavaFX Application Thread] INFO  c.g.c.ClientDashboardController - Found 0 upcoming and 0 past bookings for client Mykola Borovets
2025-06-02 23:24:27.335 [JavaFX Application Thread] INFO  com.gym.controller.LoginController - User mykolaborovets logged in successfully with role client
2025-06-02 23:24:33.011 [JavaFX Application Thread] INFO  com.gym.controller.LoginController - User lemko logged in successfully with role admin
2025-06-02 23:24:35.006 [JavaFX Application Thread] INFO  c.g.c.AdminDashboardController - Opening Clients Management...
2025-06-02 23:24:35.046 [JavaFX Application Thread] INFO  com.gym.service.ClientService - Retrieving all clients
2025-06-02 23:24:35.073 [JavaFX Application Thread] INFO  c.g.c.ClientsManagementController - Loaded 5 clients from database
2025-06-02 23:24:35.083 [JavaFX Application Thread] INFO  c.g.c.AdminDashboardController - Opened Clients Management view
2025-06-02 23:24:36.765 [JavaFX Application Thread] INFO  c.g.c.AdminDashboardController - Opening Memberships...
2025-06-02 23:24:36.799 [JavaFX Application Thread] INFO  com.gym.service.MembershipService - Retrieving all memberships
2025-06-02 23:24:36.827 [JavaFX Application Thread] ERROR c.g.c.MembershipsManagementController - Error loading memberships: Cannot invoke "java.time.LocalDate.isAfter(java.time.chrono.ChronoLocalDate)" because the return value of "com.gym.model.Membership.getEndDate()" is null
2025-06-02 23:24:38.653 [JavaFX Application Thread] INFO  c.g.c.AdminDashboardController - Opened Memberships Management view
2025-06-02 23:25:03.118 [JavaFX Application Thread] INFO  com.gym.service.MembershipService - Updating existing membership ID: 26
2025-06-02 23:25:03.166 [JavaFX Application Thread] ERROR c.g.c.MembershipsManagementController - Error opening add membership dialog: 
java.lang.NullPointerException: Cannot invoke "java.time.LocalDate.isAfter(java.time.chrono.ChronoLocalDate)" because the return value of "com.gym.model.Membership.getEndDate()" is null
	at com.gym.controller.MembershipsManagementController.lambda$updateStatusLabels$9(MembershipsManagementController.java:228)
	at java.base/java.util.stream.ReferencePipeline$2$1.accept(ReferencePipeline.java:193)
	at java.base/java.util.AbstractList$RandomAccessSpliterator.forEachRemaining(AbstractList.java:722)
	at java.base/java.util.stream.AbstractPipeline.copyInto(AbstractPipeline.java:556)
	at java.base/java.util.stream.AbstractPipeline.wrapAndCopyInto(AbstractPipeline.java:546)
	at java.base/java.util.stream.ReduceOps$ReduceOp.evaluateSequential(ReduceOps.java:921)
	at java.base/java.util.stream.ReduceOps$5.evaluateSequential(ReduceOps.java:258)
	at java.base/java.util.stream.ReduceOps$5.evaluateSequential(ReduceOps.java:248)
	at java.base/java.util.stream.AbstractPipeline.evaluate(AbstractPipeline.java:265)
	at java.base/java.util.stream.ReferencePipeline.count(ReferencePipeline.java:729)
	at com.gym.controller.MembershipsManagementController.updateStatusLabels(MembershipsManagementController.java:230)
	at com.gym.controller.MembershipsManagementController.handleAddMembership(MembershipsManagementController.java:265)
	at java.base/jdk.internal.reflect.DirectMethodHandleAccessor.invoke(DirectMethodHandleAccessor.java:103)
	at java.base/java.lang.reflect.Method.invoke(Method.java:580)
	at com.sun.javafx.reflect.Trampoline.invoke(MethodUtil.java:77)
	at java.base/jdk.internal.reflect.DirectMethodHandleAccessor.invoke(DirectMethodHandleAccessor.java:103)
	at java.base/java.lang.reflect.Method.invoke(Method.java:580)
	at javafx.base/com.sun.javafx.reflect.MethodUtil.invoke(MethodUtil.java:275)
	at javafx.fxml/com.sun.javafx.fxml.MethodHelper.invoke(MethodHelper.java:84)
	at javafx.fxml/javafx.fxml.FXMLLoader$MethodHandler.invoke(FXMLLoader.java:1854)
	at javafx.fxml/javafx.fxml.FXMLLoader$ControllerMethodEventHandler.handle(FXMLLoader.java:1724)
	at javafx.base/com.sun.javafx.event.CompositeEventHandler.dispatchBubblingEvent(CompositeEventHandler.java:86)
	at javafx.base/com.sun.javafx.event.EventHandlerManager.dispatchBubblingEvent(EventHandlerManager.java:234)
	at javafx.base/com.sun.javafx.event.EventHandlerManager.dispatchBubblingEvent(EventHandlerManager.java:191)
	at javafx.base/com.sun.javafx.event.CompositeEventDispatcher.dispatchBubblingEvent(CompositeEventDispatcher.java:59)
	at javafx.base/com.sun.javafx.event.BasicEventDispatcher.dispatchEvent(BasicEventDispatcher.java:58)
	at javafx.base/com.sun.javafx.event.EventDispatchChainImpl.dispatchEvent(EventDispatchChainImpl.java:114)
	at javafx.base/com.sun.javafx.event.BasicEventDispatcher.dispatchEvent(BasicEventDispatcher.java:56)
	at javafx.base/com.sun.javafx.event.EventDispatchChainImpl.dispatchEvent(EventDispatchChainImpl.java:114)
	at javafx.base/com.sun.javafx.event.BasicEventDispatcher.dispatchEvent(BasicEventDispatcher.java:56)
	at javafx.base/com.sun.javafx.event.EventDispatchChainImpl.dispatchEvent(EventDispatchChainImpl.java:114)
	at javafx.base/com.sun.javafx.event.EventUtil.fireEventImpl(EventUtil.java:74)
	at javafx.base/com.sun.javafx.event.EventUtil.fireEvent(EventUtil.java:49)
	at javafx.base/javafx.event.Event.fireEvent(Event.java:198)
	at javafx.graphics/javafx.scene.Node.fireEvent(Node.java:8792)
	at javafx.controls/javafx.scene.control.Button.fire(Button.java:203)
	at javafx.controls/com.sun.javafx.scene.control.behavior.ButtonBehavior.mouseReleased(ButtonBehavior.java:208)
	at javafx.controls/com.sun.javafx.scene.control.inputmap.InputMap.handle(InputMap.java:274)
	at javafx.base/com.sun.javafx.event.CompositeEventHandler$NormalEventHandlerRecord.handleBubblingEvent(CompositeEventHandler.java:247)
	at javafx.base/com.sun.javafx.event.CompositeEventHandler.dispatchBubblingEvent(CompositeEventHandler.java:80)
	at javafx.base/com.sun.javafx.event.EventHandlerManager.dispatchBubblingEvent(EventHandlerManager.java:234)
	at javafx.base/com.sun.javafx.event.EventHandlerManager.dispatchBubblingEvent(EventHandlerManager.java:191)
	at javafx.base/com.sun.javafx.event.CompositeEventDispatcher.dispatchBubblingEvent(CompositeEventDispatcher.java:59)
	at javafx.base/com.sun.javafx.event.BasicEventDispatcher.dispatchEvent(BasicEventDispatcher.java:58)
	at javafx.base/com.sun.javafx.event.EventDispatchChainImpl.dispatchEvent(EventDispatchChainImpl.java:114)
	at javafx.base/com.sun.javafx.event.BasicEventDispatcher.dispatchEvent(BasicEventDispatcher.java:56)
	at javafx.base/com.sun.javafx.event.EventDispatchChainImpl.dispatchEvent(EventDispatchChainImpl.java:114)
	at javafx.base/com.sun.javafx.event.BasicEventDispatcher.dispatchEvent(BasicEventDispatcher.java:56)
	at javafx.base/com.sun.javafx.event.EventDispatchChainImpl.dispatchEvent(EventDispatchChainImpl.java:114)
	at javafx.base/com.sun.javafx.event.EventUtil.fireEventImpl(EventUtil.java:74)
	at javafx.base/com.sun.javafx.event.EventUtil.fireEvent(EventUtil.java:54)
	at javafx.base/javafx.event.Event.fireEvent(Event.java:198)
	at javafx.graphics/javafx.scene.Scene$MouseHandler.process(Scene.java:3897)
	at javafx.graphics/javafx.scene.Scene.processMouseEvent(Scene.java:1878)
	at javafx.graphics/javafx.scene.Scene$ScenePeerListener.mouseEvent(Scene.java:2623)
	at javafx.graphics/com.sun.javafx.tk.quantum.GlassViewEventHandler$MouseEventNotification.run(GlassViewEventHandler.java:411)
	at javafx.graphics/com.sun.javafx.tk.quantum.GlassViewEventHandler$MouseEventNotification.run(GlassViewEventHandler.java:301)
	at java.base/java.security.AccessController.doPrivileged(AccessController.java:400)
	at javafx.graphics/com.sun.javafx.tk.quantum.GlassViewEventHandler.lambda$handleMouseEvent$2(GlassViewEventHandler.java:450)
	at javafx.graphics/com.sun.javafx.tk.quantum.QuantumToolkit.runWithoutRenderLock(QuantumToolkit.java:424)
	at javafx.graphics/com.sun.javafx.tk.quantum.GlassViewEventHandler.handleMouseEvent(GlassViewEventHandler.java:449)
	at javafx.graphics/com.sun.glass.ui.View.handleMouseEvent(View.java:557)
	at javafx.graphics/com.sun.glass.ui.View.notifyMouse(View.java:943)
	at javafx.graphics/com.sun.glass.ui.win.WinApplication._runLoop(Native Method)
	at javafx.graphics/com.sun.glass.ui.win.WinApplication.lambda$runLoop$3(WinApplication.java:184)
	at java.base/java.lang.Thread.run(Thread.java:1570)
2025-06-02 23:25:14.199 [JavaFX Application Thread] INFO  c.g.c.AdminDashboardController - User logged out successfully
2025-06-02 23:25:28.438 [JavaFX Application Thread] INFO  c.g.c.ClientDashboardController - Initializing client dashboard for user ID: 37 and username: mykolaborovets
2025-06-02 23:25:28.438 [JavaFX Application Thread] INFO  c.g.c.ClientDashboardController - Loading client data for user ID: 37
2025-06-02 23:25:28.440 [JavaFX Application Thread] INFO  com.gym.dao.impl.ClientDao - Found client_id 43 for user_id 37
2025-06-02 23:25:28.443 [JavaFX Application Thread] INFO  com.gym.dao.impl.ClientDao - Found client: Mykola Borovets
2025-06-02 23:25:28.443 [JavaFX Application Thread] INFO  c.g.c.ClientDashboardController - Found client: Mykola Borovets with email: mykolaborovets@gmail.com and phone: 0984545454
2025-06-02 23:25:28.443 [JavaFX Application Thread] INFO  c.g.c.ClientDashboardController - Setting medical notes: -
2025-06-02 23:25:28.455 [JavaFX Application Thread] INFO  c.g.c.ClientDashboardController - Found 0 upcoming and 0 past bookings for client Mykola Borovets
2025-06-02 23:25:28.569 [JavaFX Application Thread] INFO  com.gym.controller.LoginController - User mykolaborovets logged in successfully with role client
2025-06-02 23:27:08.235 [JavaFX Application Thread] INFO  com.gym.dao.impl.ClientDao - Found client_id 43 for user_id 37
2025-06-02 23:27:08.241 [JavaFX Application Thread] INFO  com.gym.dao.impl.ClientDao - Found client: Mykola Borovets
2025-06-02 23:27:08.306 [JavaFX Application Thread] INFO  c.g.c.AvailableTrainingsController - Loaded 0 booked trainings for client Mykola Borovets
2025-06-02 23:37:47.558 [JavaFX Application Thread] INFO  com.gym.util.HibernateConfig - Database properties loaded successfully from database.properties
2025-06-02 23:37:47.571 [JavaFX Application Thread] INFO  com.gym.util.HibernateConfig - Using database driver: org.postgresql.Driver
2025-06-02 23:37:47.571 [JavaFX Application Thread] INFO  com.gym.util.HibernateConfig - Using database URL: jdbc:postgresql://localhost:5433/gym
2025-06-02 23:37:47.571 [JavaFX Application Thread] INFO  com.gym.util.HibernateConfig - Using database username: postgres
2025-06-02 23:37:47.571 [JavaFX Application Thread] INFO  com.gym.util.HibernateConfig - Using database password: ********
2025-06-02 23:37:47.571 [JavaFX Application Thread] INFO  com.gym.util.HibernateConfig - Using database URL: jdbc:postgresql://localhost:5433/gym
2025-06-02 23:37:47.572 [JavaFX Application Thread] INFO  com.gym.util.EntityManagerUtil - Setting up JPA with URL: jdbc:postgresql://localhost:5433/gym
2025-06-02 23:37:51.964 [JavaFX Application Thread] INFO  com.gym.util.EntityManagerUtil - JPA EntityManagerFactory created successfully
